StudentNumber1
Test execution started. Number of static tests: 12
Started:     JUnit Jupiter ([engine:junit-jupiter])
Started:     GradeBookTest ([engine:junit-jupiter]/[class:GradeBookTest])
Started:     testSum() ([engine:junit-jupiter]/[class:GradeBookTest]/[method:testSum()])
Finished:    testSum() ([engine:junit-jupiter]/[class:GradeBookTest]/[method:testSum()])
             => Exception: org.opentest4j.AssertionFailedError: expected: <250.0> but was: <1000.0>
             	at org.junit.jupiter.api.AssertionUtils.fail(AssertionUtils.java:55)
             	at org.junit.jupiter.api.AssertionUtils.failNotEqual(AssertionUtils.java:62)
             	at org.junit.jupiter.api.AssertEquals.assertEquals(AssertEquals.java:86)
             	at org.junit.jupiter.api.AssertEquals.assertEquals(AssertEquals.java:81)
             	at org.junit.jupiter.api.Assertions.assertEquals(Assertions.java:993)
             	at GradeBookTest.testSum(GradeBookTest.java:44)
             	at sun.reflect.NativeMethodAccessorImpl.invoke0(Native Method)
             	at sun.reflect.NativeMethodAccessorImpl.invoke(NativeMethodAccessorImpl.java:62)
             	at sun.reflect.DelegatingMethodAccessorImpl.invoke(DelegatingMethodAccessorImpl.java:43)
             	at java.lang.reflect.Method.invoke(Method.java:498)
             	at org.junit.platform.commons.util.ReflectionUtils.invokeMethod(ReflectionUtils.java:675)
             	at org.junit.jupiter.engine.execution.MethodInvocation.proceed(MethodInvocation.java:60)
             	at org.junit.jupiter.engine.execution.InvocationInterceptorChain$ValidatingInvocation.proceed(InvocationInterceptorChain.java:125)
             	at org.junit.jupiter.engine.extension.TimeoutExtension.intercept(TimeoutExtension.java:132)
             	at org.junit.jupiter.engine.extension.TimeoutExtension.interceptTestableMethod(TimeoutExtension.java:124)
             	at org.junit.jupiter.engine.extension.TimeoutExtension.interceptTestMethod(TimeoutExtension.java:74)
             	at org.junit.jupiter.engine.execution.ExecutableInvoker$ReflectiveInterceptorCall.lambda$ofVoidMethod$0(ExecutableInvoker.java:115)
             	at org.junit.jupiter.engine.execution.ExecutableInvoker.lambda$invoke$0(ExecutableInvoker.java:105)
             	at org.junit.jupiter.engine.execution.InvocationInterceptorChain$InterceptedInvocation.proceed(InvocationInterceptorChain.java:104)
             	at org.junit.jupiter.engine.execution.InvocationInterceptorChain.proceed(InvocationInterceptorChain.java:62)
             	at org.junit.jupiter.engine.execution.InvocationInterceptorChain.chainAndInvoke(InvocationInterceptorChain.java:43)
             	at org.junit.jupiter.engine.execution.InvocationInterceptorChain.invoke(InvocationInterceptorChain.java:35)
             	at org.junit.jupiter.engine.execution.ExecutableInvoker.invoke(ExecutableInvoker.java:104)
             	at org.junit.jupiter.engine.execution.ExecutableInvoker.invoke(ExecutableInvoker.java:98)
             	at org.junit.jupiter.engine.descriptor.TestMethodTestDescriptor.lambda$invokeTestMethod$6(TestMethodTestDescriptor.java:202)
             	at org.junit.platform.engine.support.hierarchical.ThrowableCollector.execute(ThrowableCollector.java:73)
             	at org.junit.jupiter.engine.descriptor.TestMethodTestDescriptor.invokeTestMethod(TestMethodTestDescriptor.java:198)
             	at org.junit.jupiter.engine.descriptor.TestMethodTestDescriptor.execute(TestMethodTestDescriptor.java:135)
             	at org.junit.jupiter.engine.descriptor.TestMethodTestDescriptor.execute(TestMethodTestDescriptor.java:69)
             	at org.junit.platform.engine.support.hierarchical.NodeTestTask.lambda$executeRecursively$5(NodeTestTask.java:135)
             	at org.junit.platform.engine.support.hierarchical.ThrowableCollector.execute(ThrowableCollector.java:73)
             	at org.junit.platform.engine.support.hierarchical.NodeTestTask.lambda$executeRecursively$7(NodeTestTask.java:125)
             	at org.junit.platform.engine.support.hierarchical.Node.around(Node.java:135)
             	at org.junit.platform.engine.support.hierarchical.NodeTestTask.lambda$executeRecursively$8(NodeTestTask.java:123)
             	at org.junit.platform.engine.support.hierarchical.ThrowableCollector.execute(ThrowableCollector.java:73)
             	at org.junit.platform.engine.support.hierarchical.NodeTestTask.executeRecursively(NodeTestTask.java:122)
             	at org.junit.platform.engine.support.hierarchical.NodeTestTask.execute(NodeTestTask.java:80)
             	at java.util.ArrayList.forEach(ArrayList.java:1257)
             	at org.junit.platform.engine.support.hierarchical.SameThreadHierarchicalTestExecutorService.invokeAll(SameThreadHierarchicalTestExecutorService.java:38)
             	at org.junit.platform.engine.support.hierarchical.NodeTestTask.lambda$executeRecursively$5(NodeTestTask.java:139)
             	at org.junit.platform.engine.support.hierarchical.ThrowableCollector.execute(ThrowableCollector.java:73)
             	at org.junit.platform.engine.support.hierarchical.NodeTestTask.lambda$executeRecursively$7(NodeTestTask.java:125)
             	at org.junit.platform.engine.support.hierarchical.Node.around(Node.java:135)
             	at org.junit.platform.engine.support.hierarchical.NodeTestTask.lambda$executeRecursively$8(NodeTestTask.java:123)
             	at org.junit.platform.engine.support.hierarchical.ThrowableCollector.execute(ThrowableCollector.java:73)
             	at org.junit.platform.engine.support.hierarchical.NodeTestTask.executeRecursively(NodeTestTask.java:122)
             	at org.junit.platform.engine.support.hierarchical.NodeTestTask.execute(NodeTestTask.java:80)
             	at java.util.ArrayList.forEach(ArrayList.java:1257)
             	at org.junit.platform.engine.support.hierarchical.SameThreadHierarchicalTestExecutorService.invokeAll(SameThreadHierarchicalTestExecutorService.java:38)
             	at org.junit.platform.engine.support.hierarchical.NodeTestTask.lambda$executeRecursively$5(NodeTestTask.java:139)
             	at org.junit.platform.engine.support.hierarchical.ThrowableCollector.execute(ThrowableCollector.java:73)
             	at org.junit.platform.engine.support.hierarchical.NodeTestTask.lambda$executeRecursively$7(NodeTestTask.java:125)
             	at org.junit.platform.engine.support.hierarchical.Node.around(Node.java:135)
             	at org.junit.platform.engine.support.hierarchical.NodeTestTask.lambda$executeRecursively$8(NodeTestTask.java:123)
             	at org.junit.platform.engine.support.hierarchical.ThrowableCollector.execute(ThrowableCollector.java:73)
             	at org.junit.platform.engine.support.hierarchical.NodeTestTask.executeRecursively(NodeTestTask.java:122)
             	at org.junit.platform.engine.support.hierarchical.NodeTestTask.execute(NodeTestTask.java:80)
             	at org.junit.platform.engine.support.hierarchical.SameThreadHierarchicalTestExecutorService.submit(SameThreadHierarchicalTestExecutorService.java:32)
             	at org.junit.platform.engine.support.hierarchical.HierarchicalTestExecutor.execute(HierarchicalTestExecutor.java:57)
             	at org.junit.platform.engine.support.hierarchical.HierarchicalTestEngine.execute(HierarchicalTestEngine.java:51)
             	at org.junit.platform.launcher.core.DefaultLauncher.execute(DefaultLauncher.java:229)
             	at org.junit.platform.launcher.core.DefaultLauncher.lambda$execute$6(DefaultLauncher.java:197)
             	at org.junit.platform.launcher.core.DefaultLauncher.withInterceptedStreams(DefaultLauncher.java:211)
             	at org.junit.platform.launcher.core.DefaultLauncher.execute(DefaultLauncher.java:191)
             	at org.junit.platform.launcher.core.DefaultLauncher.execute(DefaultLauncher.java:128)
             	at org.junit.platform.console.tasks.ConsoleTestExecutor.executeTests(ConsoleTestExecutor.java:66)
             	at org.junit.platform.console.tasks.ConsoleTestExecutor.lambda$execute$0(ConsoleTestExecutor.java:58)
             	at org.junit.platform.console.tasks.CustomContextClassLoaderExecutor.replaceThreadContextClassLoaderAndInvoke(CustomContextClassLoaderExecutor.java:41)
             	at org.junit.platform.console.tasks.CustomContextClassLoaderExecutor.invoke(CustomContextClassLoaderExecutor.java:31)
             	at org.junit.platform.console.tasks.ConsoleTestExecutor.execute(ConsoleTestExecutor.java:58)
             	at org.junit.platform.console.ConsoleLauncher.executeTests(ConsoleLauncher.java:106)
             	at org.junit.platform.console.ConsoleLauncher.execute(ConsoleLauncher.java:90)
             	at org.junit.platform.console.ConsoleLauncher.execute(ConsoleLauncher.java:49)
             	at org.junit.platform.console.ConsoleLauncher.main(ConsoleLauncher.java:41)
Started:     testGetScoresSize() ([engine:junit-jupiter]/[class:GradeBookTest]/[method:testGetScoresSize()])
Finished:    testGetScoresSize() ([engine:junit-jupiter]/[class:GradeBookTest]/[method:testGetScoresSize()])
Started:     testToString() ([engine:junit-jupiter]/[class:GradeBookTest]/[method:testToString()])
Finished:    testToString() ([engine:junit-jupiter]/[class:GradeBookTest]/[method:testToString()])
Started:     testAddScore() ([engine:junit-jupiter]/[class:GradeBookTest]/[method:testAddScore()])
Finished:    testAddScore() ([engine:junit-jupiter]/[class:GradeBookTest]/[method:testAddScore()])
Started:     testMinimum() ([engine:junit-jupiter]/[class:GradeBookTest]/[method:testMinimum()])
Finished:    testMinimum() ([engine:junit-jupiter]/[class:GradeBookTest]/[method:testMinimum()])
             => Exception: org.opentest4j.AssertionFailedError: expected: <75.0> but was: <100.0>
             	at org.junit.jupiter.api.AssertionUtils.fail(AssertionUtils.java:55)
             	at org.junit.jupiter.api.AssertionUtils.failNotEqual(AssertionUtils.java:62)
             	at org.junit.jupiter.api.AssertEquals.assertEquals(AssertEquals.java:86)
             	at org.junit.jupiter.api.AssertEquals.assertEquals(AssertEquals.java:81)
             	at org.junit.jupiter.api.Assertions.assertEquals(Assertions.java:993)
             	at GradeBookTest.testMinimum(GradeBookTest.java:51)
             	at sun.reflect.NativeMethodAccessorImpl.invoke0(Native Method)
             	at sun.reflect.NativeMethodAccessorImpl.invoke(NativeMethodAccessorImpl.java:62)
             	at sun.reflect.DelegatingMethodAccessorImpl.invoke(DelegatingMethodAccessorImpl.java:43)
             	at java.lang.reflect.Method.invoke(Method.java:498)
             	at org.junit.platform.commons.util.ReflectionUtils.invokeMethod(ReflectionUtils.java:675)
             	at org.junit.jupiter.engine.execution.MethodInvocation.proceed(MethodInvocation.java:60)
             	at org.junit.jupiter.engine.execution.InvocationInterceptorChain$ValidatingInvocation.proceed(InvocationInterceptorChain.java:125)
             	at org.junit.jupiter.engine.extension.TimeoutExtension.intercept(TimeoutExtension.java:132)
             	at org.junit.jupiter.engine.extension.TimeoutExtension.interceptTestableMethod(TimeoutExtension.java:124)
             	at org.junit.jupiter.engine.extension.TimeoutExtension.interceptTestMethod(TimeoutExtension.java:74)
             	at org.junit.jupiter.engine.execution.ExecutableInvoker$ReflectiveInterceptorCall.lambda$ofVoidMethod$0(ExecutableInvoker.java:115)
             	at org.junit.jupiter.engine.execution.ExecutableInvoker.lambda$invoke$0(ExecutableInvoker.java:105)
             	at org.junit.jupiter.engine.execution.InvocationInterceptorChain$InterceptedInvocation.proceed(InvocationInterceptorChain.java:104)
             	at org.junit.jupiter.engine.execution.InvocationInterceptorChain.proceed(InvocationInterceptorChain.java:62)
             	at org.junit.jupiter.engine.execution.InvocationInterceptorChain.chainAndInvoke(InvocationInterceptorChain.java:43)
             	at org.junit.jupiter.engine.execution.InvocationInterceptorChain.invoke(InvocationInterceptorChain.java:35)
             	at org.junit.jupiter.engine.execution.ExecutableInvoker.invoke(ExecutableInvoker.java:104)
             	at org.junit.jupiter.engine.execution.ExecutableInvoker.invoke(ExecutableInvoker.java:98)
             	at org.junit.jupiter.engine.descriptor.TestMethodTestDescriptor.lambda$invokeTestMethod$6(TestMethodTestDescriptor.java:202)
             	at org.junit.platform.engine.support.hierarchical.ThrowableCollector.execute(ThrowableCollector.java:73)
             	at org.junit.jupiter.engine.descriptor.TestMethodTestDescriptor.invokeTestMethod(TestMethodTestDescriptor.java:198)
             	at org.junit.jupiter.engine.descriptor.TestMethodTestDescriptor.execute(TestMethodTestDescriptor.java:135)
             	at org.junit.jupiter.engine.descriptor.TestMethodTestDescriptor.execute(TestMethodTestDescriptor.java:69)
             	at org.junit.platform.engine.support.hierarchical.NodeTestTask.lambda$executeRecursively$5(NodeTestTask.java:135)
             	at org.junit.platform.engine.support.hierarchical.ThrowableCollector.execute(ThrowableCollector.java:73)
             	at org.junit.platform.engine.support.hierarchical.NodeTestTask.lambda$executeRecursively$7(NodeTestTask.java:125)
             	at org.junit.platform.engine.support.hierarchical.Node.around(Node.java:135)
             	at org.junit.platform.engine.support.hierarchical.NodeTestTask.lambda$executeRecursively$8(NodeTestTask.java:123)
             	at org.junit.platform.engine.support.hierarchical.ThrowableCollector.execute(ThrowableCollector.java:73)
             	at org.junit.platform.engine.support.hierarchical.NodeTestTask.executeRecursively(NodeTestTask.java:122)
             	at org.junit.platform.engine.support.hierarchical.NodeTestTask.execute(NodeTestTask.java:80)
             	at java.util.ArrayList.forEach(ArrayList.java:1257)
             	at org.junit.platform.engine.support.hierarchical.SameThreadHierarchicalTestExecutorService.invokeAll(SameThreadHierarchicalTestExecutorService.java:38)
             	at org.junit.platform.engine.support.hierarchical.NodeTestTask.lambda$executeRecursively$5(NodeTestTask.java:139)
             	at org.junit.platform.engine.support.hierarchical.ThrowableCollector.execute(ThrowableCollector.java:73)
             	at org.junit.platform.engine.support.hierarchical.NodeTestTask.lambda$executeRecursively$7(NodeTestTask.java:125)
             	at org.junit.platform.engine.support.hierarchical.Node.around(Node.java:135)
             	at org.junit.platform.engine.support.hierarchical.NodeTestTask.lambda$executeRecursively$8(NodeTestTask.java:123)
             	at org.junit.platform.engine.support.hierarchical.ThrowableCollector.execute(ThrowableCollector.java:73)
             	at org.junit.platform.engine.support.hierarchical.NodeTestTask.executeRecursively(NodeTestTask.java:122)
             	at org.junit.platform.engine.support.hierarchical.NodeTestTask.execute(NodeTestTask.java:80)
             	at java.util.ArrayList.forEach(ArrayList.java:1257)
             	at org.junit.platform.engine.support.hierarchical.SameThreadHierarchicalTestExecutorService.invokeAll(SameThreadHierarchicalTestExecutorService.java:38)
             	at org.junit.platform.engine.support.hierarchical.NodeTestTask.lambda$executeRecursively$5(NodeTestTask.java:139)
             	at org.junit.platform.engine.support.hierarchical.ThrowableCollector.execute(ThrowableCollector.java:73)
             	at org.junit.platform.engine.support.hierarchical.NodeTestTask.lambda$executeRecursively$7(NodeTestTask.java:125)
             	at org.junit.platform.engine.support.hierarchical.Node.around(Node.java:135)
             	at org.junit.platform.engine.support.hierarchical.NodeTestTask.lambda$executeRecursively$8(NodeTestTask.java:123)
             	at org.junit.platform.engine.support.hierarchical.ThrowableCollector.execute(ThrowableCollector.java:73)
             	at org.junit.platform.engine.support.hierarchical.NodeTestTask.executeRecursively(NodeTestTask.java:122)
             	at org.junit.platform.engine.support.hierarchical.NodeTestTask.execute(NodeTestTask.java:80)
             	at org.junit.platform.engine.support.hierarchical.SameThreadHierarchicalTestExecutorService.submit(SameThreadHierarchicalTestExecutorService.java:32)
             	at org.junit.platform.engine.support.hierarchical.HierarchicalTestExecutor.execute(HierarchicalTestExecutor.java:57)
             	at org.junit.platform.engine.support.hierarchical.HierarchicalTestEngine.execute(HierarchicalTestEngine.java:51)
             	at org.junit.platform.launcher.core.DefaultLauncher.execute(DefaultLauncher.java:229)
             	at org.junit.platform.launcher.core.DefaultLauncher.lambda$execute$6(DefaultLauncher.java:197)
             	at org.junit.platform.launcher.core.DefaultLauncher.withInterceptedStreams(DefaultLauncher.java:211)
             	at org.junit.platform.launcher.core.DefaultLauncher.execute(DefaultLauncher.java:191)
             	at org.junit.platform.launcher.core.DefaultLauncher.execute(DefaultLauncher.java:128)
             	at org.junit.platform.console.tasks.ConsoleTestExecutor.executeTests(ConsoleTestExecutor.java:66)
             	at org.junit.platform.console.tasks.ConsoleTestExecutor.lambda$execute$0(ConsoleTestExecutor.java:58)
             	at org.junit.platform.console.tasks.CustomContextClassLoaderExecutor.replaceThreadContextClassLoaderAndInvoke(CustomContextClassLoaderExecutor.java:41)
             	at org.junit.platform.console.tasks.CustomContextClassLoaderExecutor.invoke(CustomContextClassLoaderExecutor.java:31)
             	at org.junit.platform.console.tasks.ConsoleTestExecutor.execute(ConsoleTestExecutor.java:58)
             	at org.junit.platform.console.ConsoleLauncher.executeTests(ConsoleLauncher.java:106)
             	at org.junit.platform.console.ConsoleLauncher.execute(ConsoleLauncher.java:90)
             	at org.junit.platform.console.ConsoleLauncher.execute(ConsoleLauncher.java:49)
             	at org.junit.platform.console.ConsoleLauncher.main(ConsoleLauncher.java:41)
Started:     testFinalScore() ([engine:junit-jupiter]/[class:GradeBookTest]/[method:testFinalScore()])
Finished:    testFinalScore() ([engine:junit-jupiter]/[class:GradeBookTest]/[method:testFinalScore()])
Finished:    GradeBookTest ([engine:junit-jupiter]/[class:GradeBookTest])
Started:     GradeBookPrivateTest ([engine:junit-jupiter]/[class:GradeBookPrivateTest])
Started:     testSum() ([engine:junit-jupiter]/[class:GradeBookPrivateTest]/[method:testSum()])
Finished:    testSum() ([engine:junit-jupiter]/[class:GradeBookPrivateTest]/[method:testSum()])
             => Exception: org.opentest4j.AssertionFailedError: expected: <250.0> but was: <1000.0>
             	at org.junit.jupiter.api.AssertionUtils.fail(AssertionUtils.java:55)
             	at org.junit.jupiter.api.AssertionUtils.failNotEqual(AssertionUtils.java:62)
             	at org.junit.jupiter.api.AssertEquals.assertEquals(AssertEquals.java:86)
             	at org.junit.jupiter.api.AssertEquals.assertEquals(AssertEquals.java:81)
             	at org.junit.jupiter.api.Assertions.assertEquals(Assertions.java:993)
             	at GradeBookPrivateTest.testSum(GradeBookPrivateTest.java:42)
             	at sun.reflect.NativeMethodAccessorImpl.invoke0(Native Method)
             	at sun.reflect.NativeMethodAccessorImpl.invoke(NativeMethodAccessorImpl.java:62)
             	at sun.reflect.DelegatingMethodAccessorImpl.invoke(DelegatingMethodAccessorImpl.java:43)
             	at java.lang.reflect.Method.invoke(Method.java:498)
             	at org.junit.platform.commons.util.ReflectionUtils.invokeMethod(ReflectionUtils.java:675)
             	at org.junit.jupiter.engine.execution.MethodInvocation.proceed(MethodInvocation.java:60)
             	at org.junit.jupiter.engine.execution.InvocationInterceptorChain$ValidatingInvocation.proceed(InvocationInterceptorChain.java:125)
             	at org.junit.jupiter.engine.extension.TimeoutExtension.intercept(TimeoutExtension.java:132)
             	at org.junit.jupiter.engine.extension.TimeoutExtension.interceptTestableMethod(TimeoutExtension.java:124)
             	at org.junit.jupiter.engine.extension.TimeoutExtension.interceptTestMethod(TimeoutExtension.java:74)
             	at org.junit.jupiter.engine.execution.ExecutableInvoker$ReflectiveInterceptorCall.lambda$ofVoidMethod$0(ExecutableInvoker.java:115)
             	at org.junit.jupiter.engine.execution.ExecutableInvoker.lambda$invoke$0(ExecutableInvoker.java:105)
             	at org.junit.jupiter.engine.execution.InvocationInterceptorChain$InterceptedInvocation.proceed(InvocationInterceptorChain.java:104)
             	at org.junit.jupiter.engine.execution.InvocationInterceptorChain.proceed(InvocationInterceptorChain.java:62)
             	at org.junit.jupiter.engine.execution.InvocationInterceptorChain.chainAndInvoke(InvocationInterceptorChain.java:43)
             	at org.junit.jupiter.engine.execution.InvocationInterceptorChain.invoke(InvocationInterceptorChain.java:35)
             	at org.junit.jupiter.engine.execution.ExecutableInvoker.invoke(ExecutableInvoker.java:104)
             	at org.junit.jupiter.engine.execution.ExecutableInvoker.invoke(ExecutableInvoker.java:98)
             	at org.junit.jupiter.engine.descriptor.TestMethodTestDescriptor.lambda$invokeTestMethod$6(TestMethodTestDescriptor.java:202)
             	at org.junit.platform.engine.support.hierarchical.ThrowableCollector.execute(ThrowableCollector.java:73)
             	at org.junit.jupiter.engine.descriptor.TestMethodTestDescriptor.invokeTestMethod(TestMethodTestDescriptor.java:198)
             	at org.junit.jupiter.engine.descriptor.TestMethodTestDescriptor.execute(TestMethodTestDescriptor.java:135)
             	at org.junit.jupiter.engine.descriptor.TestMethodTestDescriptor.execute(TestMethodTestDescriptor.java:69)
             	at org.junit.platform.engine.support.hierarchical.NodeTestTask.lambda$executeRecursively$5(NodeTestTask.java:135)
             	at org.junit.platform.engine.support.hierarchical.ThrowableCollector.execute(ThrowableCollector.java:73)
             	at org.junit.platform.engine.support.hierarchical.NodeTestTask.lambda$executeRecursively$7(NodeTestTask.java:125)
             	at org.junit.platform.engine.support.hierarchical.Node.around(Node.java:135)
             	at org.junit.platform.engine.support.hierarchical.NodeTestTask.lambda$executeRecursively$8(NodeTestTask.java:123)
             	at org.junit.platform.engine.support.hierarchical.ThrowableCollector.execute(ThrowableCollector.java:73)
             	at org.junit.platform.engine.support.hierarchical.NodeTestTask.executeRecursively(NodeTestTask.java:122)
             	at org.junit.platform.engine.support.hierarchical.NodeTestTask.execute(NodeTestTask.java:80)
             	at java.util.ArrayList.forEach(ArrayList.java:1257)
             	at org.junit.platform.engine.support.hierarchical.SameThreadHierarchicalTestExecutorService.invokeAll(SameThreadHierarchicalTestExecutorService.java:38)
             	at org.junit.platform.engine.support.hierarchical.NodeTestTask.lambda$executeRecursively$5(NodeTestTask.java:139)
             	at org.junit.platform.engine.support.hierarchical.ThrowableCollector.execute(ThrowableCollector.java:73)
             	at org.junit.platform.engine.support.hierarchical.NodeTestTask.lambda$executeRecursively$7(NodeTestTask.java:125)
             	at org.junit.platform.engine.support.hierarchical.Node.around(Node.java:135)
             	at org.junit.platform.engine.support.hierarchical.NodeTestTask.lambda$executeRecursively$8(NodeTestTask.java:123)
             	at org.junit.platform.engine.support.hierarchical.ThrowableCollector.execute(ThrowableCollector.java:73)
             	at org.junit.platform.engine.support.hierarchical.NodeTestTask.executeRecursively(NodeTestTask.java:122)
             	at org.junit.platform.engine.support.hierarchical.NodeTestTask.execute(NodeTestTask.java:80)
             	at java.util.ArrayList.forEach(ArrayList.java:1257)
             	at org.junit.platform.engine.support.hierarchical.SameThreadHierarchicalTestExecutorService.invokeAll(SameThreadHierarchicalTestExecutorService.java:38)
             	at org.junit.platform.engine.support.hierarchical.NodeTestTask.lambda$executeRecursively$5(NodeTestTask.java:139)
             	at org.junit.platform.engine.support.hierarchical.ThrowableCollector.execute(ThrowableCollector.java:73)
             	at org.junit.platform.engine.support.hierarchical.NodeTestTask.lambda$executeRecursively$7(NodeTestTask.java:125)
             	at org.junit.platform.engine.support.hierarchical.Node.around(Node.java:135)
             	at org.junit.platform.engine.support.hierarchical.NodeTestTask.lambda$executeRecursively$8(NodeTestTask.java:123)
             	at org.junit.platform.engine.support.hierarchical.ThrowableCollector.execute(ThrowableCollector.java:73)
             	at org.junit.platform.engine.support.hierarchical.NodeTestTask.executeRecursively(NodeTestTask.java:122)
             	at org.junit.platform.engine.support.hierarchical.NodeTestTask.execute(NodeTestTask.java:80)
             	at org.junit.platform.engine.support.hierarchical.SameThreadHierarchicalTestExecutorService.submit(SameThreadHierarchicalTestExecutorService.java:32)
             	at org.junit.platform.engine.support.hierarchical.HierarchicalTestExecutor.execute(HierarchicalTestExecutor.java:57)
             	at org.junit.platform.engine.support.hierarchical.HierarchicalTestEngine.execute(HierarchicalTestEngine.java:51)
             	at org.junit.platform.launcher.core.DefaultLauncher.execute(DefaultLauncher.java:229)
             	at org.junit.platform.launcher.core.DefaultLauncher.lambda$execute$6(DefaultLauncher.java:197)
             	at org.junit.platform.launcher.core.DefaultLauncher.withInterceptedStreams(DefaultLauncher.java:211)
             	at org.junit.platform.launcher.core.DefaultLauncher.execute(DefaultLauncher.java:191)
             	at org.junit.platform.launcher.core.DefaultLauncher.execute(DefaultLauncher.java:128)
             	at org.junit.platform.console.tasks.ConsoleTestExecutor.executeTests(ConsoleTestExecutor.java:66)
             	at org.junit.platform.console.tasks.ConsoleTestExecutor.lambda$execute$0(ConsoleTestExecutor.java:58)
             	at org.junit.platform.console.tasks.CustomContextClassLoaderExecutor.replaceThreadContextClassLoaderAndInvoke(CustomContextClassLoaderExecutor.java:41)
             	at org.junit.platform.console.tasks.CustomContextClassLoaderExecutor.invoke(CustomContextClassLoaderExecutor.java:31)
             	at org.junit.platform.console.tasks.ConsoleTestExecutor.execute(ConsoleTestExecutor.java:58)
             	at org.junit.platform.console.ConsoleLauncher.executeTests(ConsoleLauncher.java:106)
             	at org.junit.platform.console.ConsoleLauncher.execute(ConsoleLauncher.java:90)
             	at org.junit.platform.console.ConsoleLauncher.execute(ConsoleLauncher.java:49)
             	at org.junit.platform.console.ConsoleLauncher.main(ConsoleLauncher.java:41)
Started:     testGetScoresSize() ([engine:junit-jupiter]/[class:GradeBookPrivateTest]/[method:testGetScoresSize()])
Finished:    testGetScoresSize() ([engine:junit-jupiter]/[class:GradeBookPrivateTest]/[method:testGetScoresSize()])
Started:     testToString() ([engine:junit-jupiter]/[class:GradeBookPrivateTest]/[method:testToString()])
Finished:    testToString() ([engine:junit-jupiter]/[class:GradeBookPrivateTest]/[method:testToString()])
Started:     testAddScore() ([engine:junit-jupiter]/[class:GradeBookPrivateTest]/[method:testAddScore()])
Finished:    testAddScore() ([engine:junit-jupiter]/[class:GradeBookPrivateTest]/[method:testAddScore()])
Started:     testMinimum() ([engine:junit-jupiter]/[class:GradeBookPrivateTest]/[method:testMinimum()])
Finished:    testMinimum() ([engine:junit-jupiter]/[class:GradeBookPrivateTest]/[method:testMinimum()])
             => Exception: org.opentest4j.AssertionFailedError: expected: <75.0> but was: <100.0>
             	at org.junit.jupiter.api.AssertionUtils.fail(AssertionUtils.java:55)
             	at org.junit.jupiter.api.AssertionUtils.failNotEqual(AssertionUtils.java:62)
             	at org.junit.jupiter.api.AssertEquals.assertEquals(AssertEquals.java:86)
             	at org.junit.jupiter.api.AssertEquals.assertEquals(AssertEquals.java:81)
             	at org.junit.jupiter.api.Assertions.assertEquals(Assertions.java:993)
             	at GradeBookPrivateTest.testMinimum(GradeBookPrivateTest.java:49)
             	at sun.reflect.NativeMethodAccessorImpl.invoke0(Native Method)
             	at sun.reflect.NativeMethodAccessorImpl.invoke(NativeMethodAccessorImpl.java:62)
             	at sun.reflect.DelegatingMethodAccessorImpl.invoke(DelegatingMethodAccessorImpl.java:43)
             	at java.lang.reflect.Method.invoke(Method.java:498)
             	at org.junit.platform.commons.util.ReflectionUtils.invokeMethod(ReflectionUtils.java:675)
             	at org.junit.jupiter.engine.execution.MethodInvocation.proceed(MethodInvocation.java:60)
             	at org.junit.jupiter.engine.execution.InvocationInterceptorChain$ValidatingInvocation.proceed(InvocationInterceptorChain.java:125)
             	at org.junit.jupiter.engine.extension.TimeoutExtension.intercept(TimeoutExtension.java:132)
             	at org.junit.jupiter.engine.extension.TimeoutExtension.interceptTestableMethod(TimeoutExtension.java:124)
             	at org.junit.jupiter.engine.extension.TimeoutExtension.interceptTestMethod(TimeoutExtension.java:74)
             	at org.junit.jupiter.engine.execution.ExecutableInvoker$ReflectiveInterceptorCall.lambda$ofVoidMethod$0(ExecutableInvoker.java:115)
             	at org.junit.jupiter.engine.execution.ExecutableInvoker.lambda$invoke$0(ExecutableInvoker.java:105)
             	at org.junit.jupiter.engine.execution.InvocationInterceptorChain$InterceptedInvocation.proceed(InvocationInterceptorChain.java:104)
             	at org.junit.jupiter.engine.execution.InvocationInterceptorChain.proceed(InvocationInterceptorChain.java:62)
             	at org.junit.jupiter.engine.execution.InvocationInterceptorChain.chainAndInvoke(InvocationInterceptorChain.java:43)
             	at org.junit.jupiter.engine.execution.InvocationInterceptorChain.invoke(InvocationInterceptorChain.java:35)
             	at org.junit.jupiter.engine.execution.ExecutableInvoker.invoke(ExecutableInvoker.java:104)
             	at org.junit.jupiter.engine.execution.ExecutableInvoker.invoke(ExecutableInvoker.java:98)
             	at org.junit.jupiter.engine.descriptor.TestMethodTestDescriptor.lambda$invokeTestMethod$6(TestMethodTestDescriptor.java:202)
             	at org.junit.platform.engine.support.hierarchical.ThrowableCollector.execute(ThrowableCollector.java:73)
             	at org.junit.jupiter.engine.descriptor.TestMethodTestDescriptor.invokeTestMethod(TestMethodTestDescriptor.java:198)
             	at org.junit.jupiter.engine.descriptor.TestMethodTestDescriptor.execute(TestMethodTestDescriptor.java:135)
             	at org.junit.jupiter.engine.descriptor.TestMethodTestDescriptor.execute(TestMethodTestDescriptor.java:69)
             	at org.junit.platform.engine.support.hierarchical.NodeTestTask.lambda$executeRecursively$5(NodeTestTask.java:135)
             	at org.junit.platform.engine.support.hierarchical.ThrowableCollector.execute(ThrowableCollector.java:73)
             	at org.junit.platform.engine.support.hierarchical.NodeTestTask.lambda$executeRecursively$7(NodeTestTask.java:125)
             	at org.junit.platform.engine.support.hierarchical.Node.around(Node.java:135)
             	at org.junit.platform.engine.support.hierarchical.NodeTestTask.lambda$executeRecursively$8(NodeTestTask.java:123)
             	at org.junit.platform.engine.support.hierarchical.ThrowableCollector.execute(ThrowableCollector.java:73)
             	at org.junit.platform.engine.support.hierarchical.NodeTestTask.executeRecursively(NodeTestTask.java:122)
             	at org.junit.platform.engine.support.hierarchical.NodeTestTask.execute(NodeTestTask.java:80)
             	at java.util.ArrayList.forEach(ArrayList.java:1257)
             	at org.junit.platform.engine.support.hierarchical.SameThreadHierarchicalTestExecutorService.invokeAll(SameThreadHierarchicalTestExecutorService.java:38)
             	at org.junit.platform.engine.support.hierarchical.NodeTestTask.lambda$executeRecursively$5(NodeTestTask.java:139)
             	at org.junit.platform.engine.support.hierarchical.ThrowableCollector.execute(ThrowableCollector.java:73)
             	at org.junit.platform.engine.support.hierarchical.NodeTestTask.lambda$executeRecursively$7(NodeTestTask.java:125)
             	at org.junit.platform.engine.support.hierarchical.Node.around(Node.java:135)
             	at org.junit.platform.engine.support.hierarchical.NodeTestTask.lambda$executeRecursively$8(NodeTestTask.java:123)
             	at org.junit.platform.engine.support.hierarchical.ThrowableCollector.execute(ThrowableCollector.java:73)
             	at org.junit.platform.engine.support.hierarchical.NodeTestTask.executeRecursively(NodeTestTask.java:122)
             	at org.junit.platform.engine.support.hierarchical.NodeTestTask.execute(NodeTestTask.java:80)
             	at java.util.ArrayList.forEach(ArrayList.java:1257)
             	at org.junit.platform.engine.support.hierarchical.SameThreadHierarchicalTestExecutorService.invokeAll(SameThreadHierarchicalTestExecutorService.java:38)
             	at org.junit.platform.engine.support.hierarchical.NodeTestTask.lambda$executeRecursively$5(NodeTestTask.java:139)
             	at org.junit.platform.engine.support.hierarchical.ThrowableCollector.execute(ThrowableCollector.java:73)
             	at org.junit.platform.engine.support.hierarchical.NodeTestTask.lambda$executeRecursively$7(NodeTestTask.java:125)
             	at org.junit.platform.engine.support.hierarchical.Node.around(Node.java:135)
             	at org.junit.platform.engine.support.hierarchical.NodeTestTask.lambda$executeRecursively$8(NodeTestTask.java:123)
             	at org.junit.platform.engine.support.hierarchical.ThrowableCollector.execute(ThrowableCollector.java:73)
             	at org.junit.platform.engine.support.hierarchical.NodeTestTask.executeRecursively(NodeTestTask.java:122)
             	at org.junit.platform.engine.support.hierarchical.NodeTestTask.execute(NodeTestTask.java:80)
             	at org.junit.platform.engine.support.hierarchical.SameThreadHierarchicalTestExecutorService.submit(SameThreadHierarchicalTestExecutorService.java:32)
             	at org.junit.platform.engine.support.hierarchical.HierarchicalTestExecutor.execute(HierarchicalTestExecutor.java:57)
             	at org.junit.platform.engine.support.hierarchical.HierarchicalTestEngine.execute(HierarchicalTestEngine.java:51)
             	at org.junit.platform.launcher.core.DefaultLauncher.execute(DefaultLauncher.java:229)
             	at org.junit.platform.launcher.core.DefaultLauncher.lambda$execute$6(DefaultLauncher.java:197)
             	at org.junit.platform.launcher.core.DefaultLauncher.withInterceptedStreams(DefaultLauncher.java:211)
             	at org.junit.platform.launcher.core.DefaultLauncher.execute(DefaultLauncher.java:191)
             	at org.junit.platform.launcher.core.DefaultLauncher.execute(DefaultLauncher.java:128)
             	at org.junit.platform.console.tasks.ConsoleTestExecutor.executeTests(ConsoleTestExecutor.java:66)
             	at org.junit.platform.console.tasks.ConsoleTestExecutor.lambda$execute$0(ConsoleTestExecutor.java:58)
             	at org.junit.platform.console.tasks.CustomContextClassLoaderExecutor.replaceThreadContextClassLoaderAndInvoke(CustomContextClassLoaderExecutor.java:41)
             	at org.junit.platform.console.tasks.CustomContextClassLoaderExecutor.invoke(CustomContextClassLoaderExecutor.java:31)
             	at org.junit.platform.console.tasks.ConsoleTestExecutor.execute(ConsoleTestExecutor.java:58)
             	at org.junit.platform.console.ConsoleLauncher.executeTests(ConsoleLauncher.java:106)
             	at org.junit.platform.console.ConsoleLauncher.execute(ConsoleLauncher.java:90)
             	at org.junit.platform.console.ConsoleLauncher.execute(ConsoleLauncher.java:49)
             	at org.junit.platform.console.ConsoleLauncher.main(ConsoleLauncher.java:41)
Started:     testFinalScore() ([engine:junit-jupiter]/[class:GradeBookPrivateTest]/[method:testFinalScore()])
Finished:    testFinalScore() ([engine:junit-jupiter]/[class:GradeBookPrivateTest]/[method:testFinalScore()])
Finished:    GradeBookPrivateTest ([engine:junit-jupiter]/[class:GradeBookPrivateTest])
Finished:    JUnit Jupiter ([engine:junit-jupiter])
Started:     JUnit Vintage ([engine:junit-vintage])
Finished:    JUnit Vintage ([engine:junit-vintage])
Test execution finished.

Test run finished after 222 ms
[         4 containers found      ]
[         0 containers skipped    ]
[         4 containers started    ]
[         0 containers aborted    ]
[         4 containers successful ]
[         0 containers failed     ]
[        12 tests found           ]
[         0 tests skipped         ]
[        12 tests started         ]
[         0 tests aborted         ]
[         8 tests successful      ]
[         4 tests failed          ]

StudentNumber2
Test execution started. Number of static tests: 12
Started:     JUnit Jupiter ([engine:junit-jupiter])
Started:     GradeBookPrivateTest ([engine:junit-jupiter]/[class:GradeBookPrivateTest])
Started:     testSum() ([engine:junit-jupiter]/[class:GradeBookPrivateTest]/[method:testSum()])
Finished:    testSum() ([engine:junit-jupiter]/[class:GradeBookPrivateTest]/[method:testSum()])
             => Exception: org.opentest4j.AssertionFailedError: expected: <250.0> but was: <1000.0>
             	at org.junit.jupiter.api.AssertionUtils.fail(AssertionUtils.java:55)
             	at org.junit.jupiter.api.AssertionUtils.failNotEqual(AssertionUtils.java:62)
             	at org.junit.jupiter.api.AssertEquals.assertEquals(AssertEquals.java:86)
             	at org.junit.jupiter.api.AssertEquals.assertEquals(AssertEquals.java:81)
             	at org.junit.jupiter.api.Assertions.assertEquals(Assertions.java:993)
             	at GradeBookPrivateTest.testSum(GradeBookPrivateTest.java:42)
             	at sun.reflect.NativeMethodAccessorImpl.invoke0(Native Method)
             	at sun.reflect.NativeMethodAccessorImpl.invoke(NativeMethodAccessorImpl.java:62)
             	at sun.reflect.DelegatingMethodAccessorImpl.invoke(DelegatingMethodAccessorImpl.java:43)
             	at java.lang.reflect.Method.invoke(Method.java:498)
             	at org.junit.platform.commons.util.ReflectionUtils.invokeMethod(ReflectionUtils.java:675)
             	at org.junit.jupiter.engine.execution.MethodInvocation.proceed(MethodInvocation.java:60)
             	at org.junit.jupiter.engine.execution.InvocationInterceptorChain$ValidatingInvocation.proceed(InvocationInterceptorChain.java:125)
             	at org.junit.jupiter.engine.extension.TimeoutExtension.intercept(TimeoutExtension.java:132)
             	at org.junit.jupiter.engine.extension.TimeoutExtension.interceptTestableMethod(TimeoutExtension.java:124)
             	at org.junit.jupiter.engine.extension.TimeoutExtension.interceptTestMethod(TimeoutExtension.java:74)
             	at org.junit.jupiter.engine.execution.ExecutableInvoker$ReflectiveInterceptorCall.lambda$ofVoidMethod$0(ExecutableInvoker.java:115)
             	at org.junit.jupiter.engine.execution.ExecutableInvoker.lambda$invoke$0(ExecutableInvoker.java:105)
             	at org.junit.jupiter.engine.execution.InvocationInterceptorChain$InterceptedInvocation.proceed(InvocationInterceptorChain.java:104)
             	at org.junit.jupiter.engine.execution.InvocationInterceptorChain.proceed(InvocationInterceptorChain.java:62)
             	at org.junit.jupiter.engine.execution.InvocationInterceptorChain.chainAndInvoke(InvocationInterceptorChain.java:43)
             	at org.junit.jupiter.engine.execution.InvocationInterceptorChain.invoke(InvocationInterceptorChain.java:35)
             	at org.junit.jupiter.engine.execution.ExecutableInvoker.invoke(ExecutableInvoker.java:104)
             	at org.junit.jupiter.engine.execution.ExecutableInvoker.invoke(ExecutableInvoker.java:98)
             	at org.junit.jupiter.engine.descriptor.TestMethodTestDescriptor.lambda$invokeTestMethod$6(TestMethodTestDescriptor.java:202)
             	at org.junit.platform.engine.support.hierarchical.ThrowableCollector.execute(ThrowableCollector.java:73)
             	at org.junit.jupiter.engine.descriptor.TestMethodTestDescriptor.invokeTestMethod(TestMethodTestDescriptor.java:198)
             	at org.junit.jupiter.engine.descriptor.TestMethodTestDescriptor.execute(TestMethodTestDescriptor.java:135)
             	at org.junit.jupiter.engine.descriptor.TestMethodTestDescriptor.execute(TestMethodTestDescriptor.java:69)
             	at org.junit.platform.engine.support.hierarchical.NodeTestTask.lambda$executeRecursively$5(NodeTestTask.java:135)
             	at org.junit.platform.engine.support.hierarchical.ThrowableCollector.execute(ThrowableCollector.java:73)
             	at org.junit.platform.engine.support.hierarchical.NodeTestTask.lambda$executeRecursively$7(NodeTestTask.java:125)
             	at org.junit.platform.engine.support.hierarchical.Node.around(Node.java:135)
             	at org.junit.platform.engine.support.hierarchical.NodeTestTask.lambda$executeRecursively$8(NodeTestTask.java:123)
             	at org.junit.platform.engine.support.hierarchical.ThrowableCollector.execute(ThrowableCollector.java:73)
             	at org.junit.platform.engine.support.hierarchical.NodeTestTask.executeRecursively(NodeTestTask.java:122)
             	at org.junit.platform.engine.support.hierarchical.NodeTestTask.execute(NodeTestTask.java:80)
             	at java.util.ArrayList.forEach(ArrayList.java:1257)
             	at org.junit.platform.engine.support.hierarchical.SameThreadHierarchicalTestExecutorService.invokeAll(SameThreadHierarchicalTestExecutorService.java:38)
             	at org.junit.platform.engine.support.hierarchical.NodeTestTask.lambda$executeRecursively$5(NodeTestTask.java:139)
             	at org.junit.platform.engine.support.hierarchical.ThrowableCollector.execute(ThrowableCollector.java:73)
             	at org.junit.platform.engine.support.hierarchical.NodeTestTask.lambda$executeRecursively$7(NodeTestTask.java:125)
             	at org.junit.platform.engine.support.hierarchical.Node.around(Node.java:135)
             	at org.junit.platform.engine.support.hierarchical.NodeTestTask.lambda$executeRecursively$8(NodeTestTask.java:123)
             	at org.junit.platform.engine.support.hierarchical.ThrowableCollector.execute(ThrowableCollector.java:73)
             	at org.junit.platform.engine.support.hierarchical.NodeTestTask.executeRecursively(NodeTestTask.java:122)
             	at org.junit.platform.engine.support.hierarchical.NodeTestTask.execute(NodeTestTask.java:80)
             	at java.util.ArrayList.forEach(ArrayList.java:1257)
             	at org.junit.platform.engine.support.hierarchical.SameThreadHierarchicalTestExecutorService.invokeAll(SameThreadHierarchicalTestExecutorService.java:38)
             	at org.junit.platform.engine.support.hierarchical.NodeTestTask.lambda$executeRecursively$5(NodeTestTask.java:139)
             	at org.junit.platform.engine.support.hierarchical.ThrowableCollector.execute(ThrowableCollector.java:73)
             	at org.junit.platform.engine.support.hierarchical.NodeTestTask.lambda$executeRecursively$7(NodeTestTask.java:125)
             	at org.junit.platform.engine.support.hierarchical.Node.around(Node.java:135)
             	at org.junit.platform.engine.support.hierarchical.NodeTestTask.lambda$executeRecursively$8(NodeTestTask.java:123)
             	at org.junit.platform.engine.support.hierarchical.ThrowableCollector.execute(ThrowableCollector.java:73)
             	at org.junit.platform.engine.support.hierarchical.NodeTestTask.executeRecursively(NodeTestTask.java:122)
             	at org.junit.platform.engine.support.hierarchical.NodeTestTask.execute(NodeTestTask.java:80)
             	at org.junit.platform.engine.support.hierarchical.SameThreadHierarchicalTestExecutorService.submit(SameThreadHierarchicalTestExecutorService.java:32)
             	at org.junit.platform.engine.support.hierarchical.HierarchicalTestExecutor.execute(HierarchicalTestExecutor.java:57)
             	at org.junit.platform.engine.support.hierarchical.HierarchicalTestEngine.execute(HierarchicalTestEngine.java:51)
             	at org.junit.platform.launcher.core.DefaultLauncher.execute(DefaultLauncher.java:229)
             	at org.junit.platform.launcher.core.DefaultLauncher.lambda$execute$6(DefaultLauncher.java:197)
             	at org.junit.platform.launcher.core.DefaultLauncher.withInterceptedStreams(DefaultLauncher.java:211)
             	at org.junit.platform.launcher.core.DefaultLauncher.execute(DefaultLauncher.java:191)
             	at org.junit.platform.launcher.core.DefaultLauncher.execute(DefaultLauncher.java:128)
             	at org.junit.platform.console.tasks.ConsoleTestExecutor.executeTests(ConsoleTestExecutor.java:66)
             	at org.junit.platform.console.tasks.ConsoleTestExecutor.lambda$execute$0(ConsoleTestExecutor.java:58)
             	at org.junit.platform.console.tasks.CustomContextClassLoaderExecutor.replaceThreadContextClassLoaderAndInvoke(CustomContextClassLoaderExecutor.java:41)
             	at org.junit.platform.console.tasks.CustomContextClassLoaderExecutor.invoke(CustomContextClassLoaderExecutor.java:31)
             	at org.junit.platform.console.tasks.ConsoleTestExecutor.execute(ConsoleTestExecutor.java:58)
             	at org.junit.platform.console.ConsoleLauncher.executeTests(ConsoleLauncher.java:106)
             	at org.junit.platform.console.ConsoleLauncher.execute(ConsoleLauncher.java:90)
             	at org.junit.platform.console.ConsoleLauncher.execute(ConsoleLauncher.java:49)
             	at org.junit.platform.console.ConsoleLauncher.main(ConsoleLauncher.java:41)
Started:     testGetScoresSize() ([engine:junit-jupiter]/[class:GradeBookPrivateTest]/[method:testGetScoresSize()])
Finished:    testGetScoresSize() ([engine:junit-jupiter]/[class:GradeBookPrivateTest]/[method:testGetScoresSize()])
Started:     testToString() ([engine:junit-jupiter]/[class:GradeBookPrivateTest]/[method:testToString()])
Finished:    testToString() ([engine:junit-jupiter]/[class:GradeBookPrivateTest]/[method:testToString()])
Started:     testAddScore() ([engine:junit-jupiter]/[class:GradeBookPrivateTest]/[method:testAddScore()])
Finished:    testAddScore() ([engine:junit-jupiter]/[class:GradeBookPrivateTest]/[method:testAddScore()])
Started:     testMinimum() ([engine:junit-jupiter]/[class:GradeBookPrivateTest]/[method:testMinimum()])
Finished:    testMinimum() ([engine:junit-jupiter]/[class:GradeBookPrivateTest]/[method:testMinimum()])
             => Exception: org.opentest4j.AssertionFailedError: expected: <75.0> but was: <100.0>
             	at org.junit.jupiter.api.AssertionUtils.fail(AssertionUtils.java:55)
             	at org.junit.jupiter.api.AssertionUtils.failNotEqual(AssertionUtils.java:62)
             	at org.junit.jupiter.api.AssertEquals.assertEquals(AssertEquals.java:86)
             	at org.junit.jupiter.api.AssertEquals.assertEquals(AssertEquals.java:81)
             	at org.junit.jupiter.api.Assertions.assertEquals(Assertions.java:993)
             	at GradeBookPrivateTest.testMinimum(GradeBookPrivateTest.java:49)
             	at sun.reflect.NativeMethodAccessorImpl.invoke0(Native Method)
             	at sun.reflect.NativeMethodAccessorImpl.invoke(NativeMethodAccessorImpl.java:62)
             	at sun.reflect.DelegatingMethodAccessorImpl.invoke(DelegatingMethodAccessorImpl.java:43)
             	at java.lang.reflect.Method.invoke(Method.java:498)
             	at org.junit.platform.commons.util.ReflectionUtils.invokeMethod(ReflectionUtils.java:675)
             	at org.junit.jupiter.engine.execution.MethodInvocation.proceed(MethodInvocation.java:60)
             	at org.junit.jupiter.engine.execution.InvocationInterceptorChain$ValidatingInvocation.proceed(InvocationInterceptorChain.java:125)
             	at org.junit.jupiter.engine.extension.TimeoutExtension.intercept(TimeoutExtension.java:132)
             	at org.junit.jupiter.engine.extension.TimeoutExtension.interceptTestableMethod(TimeoutExtension.java:124)
             	at org.junit.jupiter.engine.extension.TimeoutExtension.interceptTestMethod(TimeoutExtension.java:74)
             	at org.junit.jupiter.engine.execution.ExecutableInvoker$ReflectiveInterceptorCall.lambda$ofVoidMethod$0(ExecutableInvoker.java:115)
             	at org.junit.jupiter.engine.execution.ExecutableInvoker.lambda$invoke$0(ExecutableInvoker.java:105)
             	at org.junit.jupiter.engine.execution.InvocationInterceptorChain$InterceptedInvocation.proceed(InvocationInterceptorChain.java:104)
             	at org.junit.jupiter.engine.execution.InvocationInterceptorChain.proceed(InvocationInterceptorChain.java:62)
             	at org.junit.jupiter.engine.execution.InvocationInterceptorChain.chainAndInvoke(InvocationInterceptorChain.java:43)
             	at org.junit.jupiter.engine.execution.InvocationInterceptorChain.invoke(InvocationInterceptorChain.java:35)
             	at org.junit.jupiter.engine.execution.ExecutableInvoker.invoke(ExecutableInvoker.java:104)
             	at org.junit.jupiter.engine.execution.ExecutableInvoker.invoke(ExecutableInvoker.java:98)
             	at org.junit.jupiter.engine.descriptor.TestMethodTestDescriptor.lambda$invokeTestMethod$6(TestMethodTestDescriptor.java:202)
             	at org.junit.platform.engine.support.hierarchical.ThrowableCollector.execute(ThrowableCollector.java:73)
             	at org.junit.jupiter.engine.descriptor.TestMethodTestDescriptor.invokeTestMethod(TestMethodTestDescriptor.java:198)
             	at org.junit.jupiter.engine.descriptor.TestMethodTestDescriptor.execute(TestMethodTestDescriptor.java:135)
             	at org.junit.jupiter.engine.descriptor.TestMethodTestDescriptor.execute(TestMethodTestDescriptor.java:69)
             	at org.junit.platform.engine.support.hierarchical.NodeTestTask.lambda$executeRecursively$5(NodeTestTask.java:135)
             	at org.junit.platform.engine.support.hierarchical.ThrowableCollector.execute(ThrowableCollector.java:73)
             	at org.junit.platform.engine.support.hierarchical.NodeTestTask.lambda$executeRecursively$7(NodeTestTask.java:125)
             	at org.junit.platform.engine.support.hierarchical.Node.around(Node.java:135)
             	at org.junit.platform.engine.support.hierarchical.NodeTestTask.lambda$executeRecursively$8(NodeTestTask.java:123)
             	at org.junit.platform.engine.support.hierarchical.ThrowableCollector.execute(ThrowableCollector.java:73)
             	at org.junit.platform.engine.support.hierarchical.NodeTestTask.executeRecursively(NodeTestTask.java:122)
             	at org.junit.platform.engine.support.hierarchical.NodeTestTask.execute(NodeTestTask.java:80)
             	at java.util.ArrayList.forEach(ArrayList.java:1257)
             	at org.junit.platform.engine.support.hierarchical.SameThreadHierarchicalTestExecutorService.invokeAll(SameThreadHierarchicalTestExecutorService.java:38)
             	at org.junit.platform.engine.support.hierarchical.NodeTestTask.lambda$executeRecursively$5(NodeTestTask.java:139)
             	at org.junit.platform.engine.support.hierarchical.ThrowableCollector.execute(ThrowableCollector.java:73)
             	at org.junit.platform.engine.support.hierarchical.NodeTestTask.lambda$executeRecursively$7(NodeTestTask.java:125)
             	at org.junit.platform.engine.support.hierarchical.Node.around(Node.java:135)
             	at org.junit.platform.engine.support.hierarchical.NodeTestTask.lambda$executeRecursively$8(NodeTestTask.java:123)
             	at org.junit.platform.engine.support.hierarchical.ThrowableCollector.execute(ThrowableCollector.java:73)
             	at org.junit.platform.engine.support.hierarchical.NodeTestTask.executeRecursively(NodeTestTask.java:122)
             	at org.junit.platform.engine.support.hierarchical.NodeTestTask.execute(NodeTestTask.java:80)
             	at java.util.ArrayList.forEach(ArrayList.java:1257)
             	at org.junit.platform.engine.support.hierarchical.SameThreadHierarchicalTestExecutorService.invokeAll(SameThreadHierarchicalTestExecutorService.java:38)
             	at org.junit.platform.engine.support.hierarchical.NodeTestTask.lambda$executeRecursively$5(NodeTestTask.java:139)
             	at org.junit.platform.engine.support.hierarchical.ThrowableCollector.execute(ThrowableCollector.java:73)
             	at org.junit.platform.engine.support.hierarchical.NodeTestTask.lambda$executeRecursively$7(NodeTestTask.java:125)
             	at org.junit.platform.engine.support.hierarchical.Node.around(Node.java:135)
             	at org.junit.platform.engine.support.hierarchical.NodeTestTask.lambda$executeRecursively$8(NodeTestTask.java:123)
             	at org.junit.platform.engine.support.hierarchical.ThrowableCollector.execute(ThrowableCollector.java:73)
             	at org.junit.platform.engine.support.hierarchical.NodeTestTask.executeRecursively(NodeTestTask.java:122)
             	at org.junit.platform.engine.support.hierarchical.NodeTestTask.execute(NodeTestTask.java:80)
             	at org.junit.platform.engine.support.hierarchical.SameThreadHierarchicalTestExecutorService.submit(SameThreadHierarchicalTestExecutorService.java:32)
             	at org.junit.platform.engine.support.hierarchical.HierarchicalTestExecutor.execute(HierarchicalTestExecutor.java:57)
             	at org.junit.platform.engine.support.hierarchical.HierarchicalTestEngine.execute(HierarchicalTestEngine.java:51)
             	at org.junit.platform.launcher.core.DefaultLauncher.execute(DefaultLauncher.java:229)
             	at org.junit.platform.launcher.core.DefaultLauncher.lambda$execute$6(DefaultLauncher.java:197)
             	at org.junit.platform.launcher.core.DefaultLauncher.withInterceptedStreams(DefaultLauncher.java:211)
             	at org.junit.platform.launcher.core.DefaultLauncher.execute(DefaultLauncher.java:191)
             	at org.junit.platform.launcher.core.DefaultLauncher.execute(DefaultLauncher.java:128)
             	at org.junit.platform.console.tasks.ConsoleTestExecutor.executeTests(ConsoleTestExecutor.java:66)
             	at org.junit.platform.console.tasks.ConsoleTestExecutor.lambda$execute$0(ConsoleTestExecutor.java:58)
             	at org.junit.platform.console.tasks.CustomContextClassLoaderExecutor.replaceThreadContextClassLoaderAndInvoke(CustomContextClassLoaderExecutor.java:41)
             	at org.junit.platform.console.tasks.CustomContextClassLoaderExecutor.invoke(CustomContextClassLoaderExecutor.java:31)
             	at org.junit.platform.console.tasks.ConsoleTestExecutor.execute(ConsoleTestExecutor.java:58)
             	at org.junit.platform.console.ConsoleLauncher.executeTests(ConsoleLauncher.java:106)
             	at org.junit.platform.console.ConsoleLauncher.execute(ConsoleLauncher.java:90)
             	at org.junit.platform.console.ConsoleLauncher.execute(ConsoleLauncher.java:49)
             	at org.junit.platform.console.ConsoleLauncher.main(ConsoleLauncher.java:41)
Started:     testFinalScore() ([engine:junit-jupiter]/[class:GradeBookPrivateTest]/[method:testFinalScore()])
Finished:    testFinalScore() ([engine:junit-jupiter]/[class:GradeBookPrivateTest]/[method:testFinalScore()])
Finished:    GradeBookPrivateTest ([engine:junit-jupiter]/[class:GradeBookPrivateTest])
Finished:    JUnit Jupiter ([engine:junit-jupiter])
Started:     JUnit Vintage ([engine:junit-vintage])
Started:     GradeBookTest ([engine:junit-vintage]/[runner:GradeBookTest])
Started:     testSum ([engine:junit-vintage]/[runner:GradeBookTest]/[test:testSum(GradeBookTest)])
Finished:    testSum ([engine:junit-vintage]/[runner:GradeBookTest]/[test:testSum(GradeBookTest)])
Started:     testGetScoresSize ([engine:junit-vintage]/[runner:GradeBookTest]/[test:testGetScoresSize(GradeBookTest)])
Finished:    testGetScoresSize ([engine:junit-vintage]/[runner:GradeBookTest]/[test:testGetScoresSize(GradeBookTest)])
Started:     testToString ([engine:junit-vintage]/[runner:GradeBookTest]/[test:testToString(GradeBookTest)])
Finished:    testToString ([engine:junit-vintage]/[runner:GradeBookTest]/[test:testToString(GradeBookTest)])
Started:     testAddScore ([engine:junit-vintage]/[runner:GradeBookTest]/[test:testAddScore(GradeBookTest)])
Finished:    testAddScore ([engine:junit-vintage]/[runner:GradeBookTest]/[test:testAddScore(GradeBookTest)])
Started:     testMinimum ([engine:junit-vintage]/[runner:GradeBookTest]/[test:testMinimum(GradeBookTest)])
Finished:    testMinimum ([engine:junit-vintage]/[runner:GradeBookTest]/[test:testMinimum(GradeBookTest)])
             => Exception: java.lang.AssertionError: expected:<75.0> but was:<100.0>
             	at org.junit.Assert.fail(Assert.java:88)
             	at org.junit.Assert.failNotEquals(Assert.java:834)
             	at org.junit.Assert.assertEquals(Assert.java:553)
             	at org.junit.Assert.assertEquals(Assert.java:683)
             	at GradeBookTest.testMinimum(GradeBookTest.java:49)
             	at sun.reflect.NativeMethodAccessorImpl.invoke0(Native Method)
             	at sun.reflect.NativeMethodAccessorImpl.invoke(NativeMethodAccessorImpl.java:62)
             	at sun.reflect.DelegatingMethodAccessorImpl.invoke(DelegatingMethodAccessorImpl.java:43)
             	at java.lang.reflect.Method.invoke(Method.java:498)
             	at org.junit.runners.model.FrameworkMethod$1.runReflectiveCall(FrameworkMethod.java:50)
             	at org.junit.internal.runners.model.ReflectiveCallable.run(ReflectiveCallable.java:12)
             	at org.junit.runners.model.FrameworkMethod.invokeExplosively(FrameworkMethod.java:47)
             	at org.junit.internal.runners.statements.InvokeMethod.evaluate(InvokeMethod.java:17)
             	at org.junit.internal.runners.statements.RunBefores.evaluate(RunBefores.java:26)
             	at org.junit.internal.runners.statements.RunAfters.evaluate(RunAfters.java:27)
             	at org.junit.runners.ParentRunner.runLeaf(ParentRunner.java:325)
             	at org.junit.runners.BlockJUnit4ClassRunner.runChild(BlockJUnit4ClassRunner.java:78)
             	at org.junit.runners.BlockJUnit4ClassRunner.runChild(BlockJUnit4ClassRunner.java:57)
             	at org.junit.runners.ParentRunner$3.run(ParentRunner.java:290)
             	at org.junit.runners.ParentRunner$1.schedule(ParentRunner.java:71)
             	at org.junit.runners.ParentRunner.runChildren(ParentRunner.java:288)
             	at org.junit.runners.ParentRunner.access$000(ParentRunner.java:58)
             	at org.junit.runners.ParentRunner$2.evaluate(ParentRunner.java:268)
             	at org.junit.runners.ParentRunner.run(ParentRunner.java:363)
             	at org.junit.runner.JUnitCore.run(JUnitCore.java:137)
             	at org.junit.runner.JUnitCore.run(JUnitCore.java:115)
             	at org.junit.vintage.engine.execution.RunnerExecutor.execute(RunnerExecutor.java:40)
             	at java.util.stream.ForEachOps$ForEachOp$OfRef.accept(ForEachOps.java:184)
             	at java.util.stream.ReferencePipeline$3$1.accept(ReferencePipeline.java:193)
             	at java.util.Iterator.forEachRemaining(Iterator.java:116)
             	at java.util.Spliterators$IteratorSpliterator.forEachRemaining(Spliterators.java:1801)
             	at java.util.stream.AbstractPipeline.copyInto(AbstractPipeline.java:481)
             	at java.util.stream.AbstractPipeline.wrapAndCopyInto(AbstractPipeline.java:471)
             	at java.util.stream.ForEachOps$ForEachOp.evaluateSequential(ForEachOps.java:151)
             	at java.util.stream.ForEachOps$ForEachOp$OfRef.evaluateSequential(ForEachOps.java:174)
             	at java.util.stream.AbstractPipeline.evaluate(AbstractPipeline.java:234)
             	at java.util.stream.ReferencePipeline.forEach(ReferencePipeline.java:418)
             	at org.junit.vintage.engine.VintageTestEngine.executeAllChildren(VintageTestEngine.java:80)
             	at org.junit.vintage.engine.VintageTestEngine.execute(VintageTestEngine.java:71)
             	at org.junit.platform.launcher.core.DefaultLauncher.execute(DefaultLauncher.java:229)
             	at org.junit.platform.launcher.core.DefaultLauncher.lambda$execute$6(DefaultLauncher.java:197)
             	at org.junit.platform.launcher.core.DefaultLauncher.withInterceptedStreams(DefaultLauncher.java:211)
             	at org.junit.platform.launcher.core.DefaultLauncher.execute(DefaultLauncher.java:191)
             	at org.junit.platform.launcher.core.DefaultLauncher.execute(DefaultLauncher.java:128)
             	at org.junit.platform.console.tasks.ConsoleTestExecutor.executeTests(ConsoleTestExecutor.java:66)
             	at org.junit.platform.console.tasks.ConsoleTestExecutor.lambda$execute$0(ConsoleTestExecutor.java:58)
             	at org.junit.platform.console.tasks.CustomContextClassLoaderExecutor.replaceThreadContextClassLoaderAndInvoke(CustomContextClassLoaderExecutor.java:41)
             	at org.junit.platform.console.tasks.CustomContextClassLoaderExecutor.invoke(CustomContextClassLoaderExecutor.java:31)
             	at org.junit.platform.console.tasks.ConsoleTestExecutor.execute(ConsoleTestExecutor.java:58)
             	at org.junit.platform.console.ConsoleLauncher.executeTests(ConsoleLauncher.java:106)
             	at org.junit.platform.console.ConsoleLauncher.execute(ConsoleLauncher.java:90)
             	at org.junit.platform.console.ConsoleLauncher.execute(ConsoleLauncher.java:49)
             	at org.junit.platform.console.ConsoleLauncher.main(ConsoleLauncher.java:41)
Started:     testFinalScore ([engine:junit-vintage]/[runner:GradeBookTest]/[test:testFinalScore(GradeBookTest)])
Finished:    testFinalScore ([engine:junit-vintage]/[runner:GradeBookTest]/[test:testFinalScore(GradeBookTest)])
             => Exception: java.lang.AssertionError: expected:<175.0> but was:<200.0>
             	at org.junit.Assert.fail(Assert.java:88)
             	at org.junit.Assert.failNotEquals(Assert.java:834)
             	at org.junit.Assert.assertEquals(Assert.java:553)
             	at org.junit.Assert.assertEquals(Assert.java:683)
             	at GradeBookTest.testFinalScore(GradeBookTest.java:56)
             	at sun.reflect.NativeMethodAccessorImpl.invoke0(Native Method)
             	at sun.reflect.NativeMethodAccessorImpl.invoke(NativeMethodAccessorImpl.java:62)
             	at sun.reflect.DelegatingMethodAccessorImpl.invoke(DelegatingMethodAccessorImpl.java:43)
             	at java.lang.reflect.Method.invoke(Method.java:498)
             	at org.junit.runners.model.FrameworkMethod$1.runReflectiveCall(FrameworkMethod.java:50)
             	at org.junit.internal.runners.model.ReflectiveCallable.run(ReflectiveCallable.java:12)
             	at org.junit.runners.model.FrameworkMethod.invokeExplosively(FrameworkMethod.java:47)
             	at org.junit.internal.runners.statements.InvokeMethod.evaluate(InvokeMethod.java:17)
             	at org.junit.internal.runners.statements.RunBefores.evaluate(RunBefores.java:26)
             	at org.junit.internal.runners.statements.RunAfters.evaluate(RunAfters.java:27)
             	at org.junit.runners.ParentRunner.runLeaf(ParentRunner.java:325)
             	at org.junit.runners.BlockJUnit4ClassRunner.runChild(BlockJUnit4ClassRunner.java:78)
             	at org.junit.runners.BlockJUnit4ClassRunner.runChild(BlockJUnit4ClassRunner.java:57)
             	at org.junit.runners.ParentRunner$3.run(ParentRunner.java:290)
             	at org.junit.runners.ParentRunner$1.schedule(ParentRunner.java:71)
             	at org.junit.runners.ParentRunner.runChildren(ParentRunner.java:288)
             	at org.junit.runners.ParentRunner.access$000(ParentRunner.java:58)
             	at org.junit.runners.ParentRunner$2.evaluate(ParentRunner.java:268)
             	at org.junit.runners.ParentRunner.run(ParentRunner.java:363)
             	at org.junit.runner.JUnitCore.run(JUnitCore.java:137)
             	at org.junit.runner.JUnitCore.run(JUnitCore.java:115)
             	at org.junit.vintage.engine.execution.RunnerExecutor.execute(RunnerExecutor.java:40)
             	at java.util.stream.ForEachOps$ForEachOp$OfRef.accept(ForEachOps.java:184)
             	at java.util.stream.ReferencePipeline$3$1.accept(ReferencePipeline.java:193)
             	at java.util.Iterator.forEachRemaining(Iterator.java:116)
             	at java.util.Spliterators$IteratorSpliterator.forEachRemaining(Spliterators.java:1801)
             	at java.util.stream.AbstractPipeline.copyInto(AbstractPipeline.java:481)
             	at java.util.stream.AbstractPipeline.wrapAndCopyInto(AbstractPipeline.java:471)
             	at java.util.stream.ForEachOps$ForEachOp.evaluateSequential(ForEachOps.java:151)
             	at java.util.stream.ForEachOps$ForEachOp$OfRef.evaluateSequential(ForEachOps.java:174)
             	at java.util.stream.AbstractPipeline.evaluate(AbstractPipeline.java:234)
             	at java.util.stream.ReferencePipeline.forEach(ReferencePipeline.java:418)
             	at org.junit.vintage.engine.VintageTestEngine.executeAllChildren(VintageTestEngine.java:80)
             	at org.junit.vintage.engine.VintageTestEngine.execute(VintageTestEngine.java:71)
             	at org.junit.platform.launcher.core.DefaultLauncher.execute(DefaultLauncher.java:229)
             	at org.junit.platform.launcher.core.DefaultLauncher.lambda$execute$6(DefaultLauncher.java:197)
             	at org.junit.platform.launcher.core.DefaultLauncher.withInterceptedStreams(DefaultLauncher.java:211)
             	at org.junit.platform.launcher.core.DefaultLauncher.execute(DefaultLauncher.java:191)
             	at org.junit.platform.launcher.core.DefaultLauncher.execute(DefaultLauncher.java:128)
             	at org.junit.platform.console.tasks.ConsoleTestExecutor.executeTests(ConsoleTestExecutor.java:66)
             	at org.junit.platform.console.tasks.ConsoleTestExecutor.lambda$execute$0(ConsoleTestExecutor.java:58)
             	at org.junit.platform.console.tasks.CustomContextClassLoaderExecutor.replaceThreadContextClassLoaderAndInvoke(CustomContextClassLoaderExecutor.java:41)
             	at org.junit.platform.console.tasks.CustomContextClassLoaderExecutor.invoke(CustomContextClassLoaderExecutor.java:31)
             	at org.junit.platform.console.tasks.ConsoleTestExecutor.execute(ConsoleTestExecutor.java:58)
             	at org.junit.platform.console.ConsoleLauncher.executeTests(ConsoleLauncher.java:106)
             	at org.junit.platform.console.ConsoleLauncher.execute(ConsoleLauncher.java:90)
             	at org.junit.platform.console.ConsoleLauncher.execute(ConsoleLauncher.java:49)
             	at org.junit.platform.console.ConsoleLauncher.main(ConsoleLauncher.java:41)
Finished:    GradeBookTest ([engine:junit-vintage]/[runner:GradeBookTest])
Finished:    JUnit Vintage ([engine:junit-vintage])
Test execution finished.

Test run finished after 165 ms
[         4 containers found      ]
[         0 containers skipped    ]
[         4 containers started    ]
[         0 containers aborted    ]
[         4 containers successful ]
[         0 containers failed     ]
[        12 tests found           ]
[         0 tests skipped         ]
[        12 tests started         ]
[         0 tests aborted         ]
[         8 tests successful      ]
[         4 tests failed          ]

StudentNumber3
Test execution started. Number of static tests: 12
Started:     JUnit Jupiter ([engine:junit-jupiter])
Started:     GradeBookTest ([engine:junit-jupiter]/[class:GradeBookTest])
Started:     testSum() ([engine:junit-jupiter]/[class:GradeBookTest]/[method:testSum()])
Finished:    testSum() ([engine:junit-jupiter]/[class:GradeBookTest]/[method:testSum()])
Started:     testGetScoresSize() ([engine:junit-jupiter]/[class:GradeBookTest]/[method:testGetScoresSize()])
Finished:    testGetScoresSize() ([engine:junit-jupiter]/[class:GradeBookTest]/[method:testGetScoresSize()])
Started:     testToString() ([engine:junit-jupiter]/[class:GradeBookTest]/[method:testToString()])
Finished:    testToString() ([engine:junit-jupiter]/[class:GradeBookTest]/[method:testToString()])
Started:     testAddScore() ([engine:junit-jupiter]/[class:GradeBookTest]/[method:testAddScore()])
Finished:    testAddScore() ([engine:junit-jupiter]/[class:GradeBookTest]/[method:testAddScore()])
Started:     testMinimum() ([engine:junit-jupiter]/[class:GradeBookTest]/[method:testMinimum()])
Finished:    testMinimum() ([engine:junit-jupiter]/[class:GradeBookTest]/[method:testMinimum()])
Started:     testFinalScore() ([engine:junit-jupiter]/[class:GradeBookTest]/[method:testFinalScore()])
Finished:    testFinalScore() ([engine:junit-jupiter]/[class:GradeBookTest]/[method:testFinalScore()])
Finished:    GradeBookTest ([engine:junit-jupiter]/[class:GradeBookTest])
Started:     GradeBookPrivateTest ([engine:junit-jupiter]/[class:GradeBookPrivateTest])
Started:     testSum() ([engine:junit-jupiter]/[class:GradeBookPrivateTest]/[method:testSum()])
Finished:    testSum() ([engine:junit-jupiter]/[class:GradeBookPrivateTest]/[method:testSum()])
             => Exception: org.opentest4j.AssertionFailedError: expected: <250.0> but was: <1000.0>
             	at org.junit.jupiter.api.AssertionUtils.fail(AssertionUtils.java:55)
             	at org.junit.jupiter.api.AssertionUtils.failNotEqual(AssertionUtils.java:62)
             	at org.junit.jupiter.api.AssertEquals.assertEquals(AssertEquals.java:86)
             	at org.junit.jupiter.api.AssertEquals.assertEquals(AssertEquals.java:81)
             	at org.junit.jupiter.api.Assertions.assertEquals(Assertions.java:993)
             	at GradeBookPrivateTest.testSum(GradeBookPrivateTest.java:42)
             	at sun.reflect.NativeMethodAccessorImpl.invoke0(Native Method)
             	at sun.reflect.NativeMethodAccessorImpl.invoke(NativeMethodAccessorImpl.java:62)
             	at sun.reflect.DelegatingMethodAccessorImpl.invoke(DelegatingMethodAccessorImpl.java:43)
             	at java.lang.reflect.Method.invoke(Method.java:498)
             	at org.junit.platform.commons.util.ReflectionUtils.invokeMethod(ReflectionUtils.java:675)
             	at org.junit.jupiter.engine.execution.MethodInvocation.proceed(MethodInvocation.java:60)
             	at org.junit.jupiter.engine.execution.InvocationInterceptorChain$ValidatingInvocation.proceed(InvocationInterceptorChain.java:125)
             	at org.junit.jupiter.engine.extension.TimeoutExtension.intercept(TimeoutExtension.java:132)
             	at org.junit.jupiter.engine.extension.TimeoutExtension.interceptTestableMethod(TimeoutExtension.java:124)
             	at org.junit.jupiter.engine.extension.TimeoutExtension.interceptTestMethod(TimeoutExtension.java:74)
             	at org.junit.jupiter.engine.execution.ExecutableInvoker$ReflectiveInterceptorCall.lambda$ofVoidMethod$0(ExecutableInvoker.java:115)
             	at org.junit.jupiter.engine.execution.ExecutableInvoker.lambda$invoke$0(ExecutableInvoker.java:105)
             	at org.junit.jupiter.engine.execution.InvocationInterceptorChain$InterceptedInvocation.proceed(InvocationInterceptorChain.java:104)
             	at org.junit.jupiter.engine.execution.InvocationInterceptorChain.proceed(InvocationInterceptorChain.java:62)
             	at org.junit.jupiter.engine.execution.InvocationInterceptorChain.chainAndInvoke(InvocationInterceptorChain.java:43)
             	at org.junit.jupiter.engine.execution.InvocationInterceptorChain.invoke(InvocationInterceptorChain.java:35)
             	at org.junit.jupiter.engine.execution.ExecutableInvoker.invoke(ExecutableInvoker.java:104)
             	at org.junit.jupiter.engine.execution.ExecutableInvoker.invoke(ExecutableInvoker.java:98)
             	at org.junit.jupiter.engine.descriptor.TestMethodTestDescriptor.lambda$invokeTestMethod$6(TestMethodTestDescriptor.java:202)
             	at org.junit.platform.engine.support.hierarchical.ThrowableCollector.execute(ThrowableCollector.java:73)
             	at org.junit.jupiter.engine.descriptor.TestMethodTestDescriptor.invokeTestMethod(TestMethodTestDescriptor.java:198)
             	at org.junit.jupiter.engine.descriptor.TestMethodTestDescriptor.execute(TestMethodTestDescriptor.java:135)
             	at org.junit.jupiter.engine.descriptor.TestMethodTestDescriptor.execute(TestMethodTestDescriptor.java:69)
             	at org.junit.platform.engine.support.hierarchical.NodeTestTask.lambda$executeRecursively$5(NodeTestTask.java:135)
             	at org.junit.platform.engine.support.hierarchical.ThrowableCollector.execute(ThrowableCollector.java:73)
             	at org.junit.platform.engine.support.hierarchical.NodeTestTask.lambda$executeRecursively$7(NodeTestTask.java:125)
             	at org.junit.platform.engine.support.hierarchical.Node.around(Node.java:135)
             	at org.junit.platform.engine.support.hierarchical.NodeTestTask.lambda$executeRecursively$8(NodeTestTask.java:123)
             	at org.junit.platform.engine.support.hierarchical.ThrowableCollector.execute(ThrowableCollector.java:73)
             	at org.junit.platform.engine.support.hierarchical.NodeTestTask.executeRecursively(NodeTestTask.java:122)
             	at org.junit.platform.engine.support.hierarchical.NodeTestTask.execute(NodeTestTask.java:80)
             	at java.util.ArrayList.forEach(ArrayList.java:1257)
             	at org.junit.platform.engine.support.hierarchical.SameThreadHierarchicalTestExecutorService.invokeAll(SameThreadHierarchicalTestExecutorService.java:38)
             	at org.junit.platform.engine.support.hierarchical.NodeTestTask.lambda$executeRecursively$5(NodeTestTask.java:139)
             	at org.junit.platform.engine.support.hierarchical.ThrowableCollector.execute(ThrowableCollector.java:73)
             	at org.junit.platform.engine.support.hierarchical.NodeTestTask.lambda$executeRecursively$7(NodeTestTask.java:125)
             	at org.junit.platform.engine.support.hierarchical.Node.around(Node.java:135)
             	at org.junit.platform.engine.support.hierarchical.NodeTestTask.lambda$executeRecursively$8(NodeTestTask.java:123)
             	at org.junit.platform.engine.support.hierarchical.ThrowableCollector.execute(ThrowableCollector.java:73)
             	at org.junit.platform.engine.support.hierarchical.NodeTestTask.executeRecursively(NodeTestTask.java:122)
             	at org.junit.platform.engine.support.hierarchical.NodeTestTask.execute(NodeTestTask.java:80)
             	at java.util.ArrayList.forEach(ArrayList.java:1257)
             	at org.junit.platform.engine.support.hierarchical.SameThreadHierarchicalTestExecutorService.invokeAll(SameThreadHierarchicalTestExecutorService.java:38)
             	at org.junit.platform.engine.support.hierarchical.NodeTestTask.lambda$executeRecursively$5(NodeTestTask.java:139)
             	at org.junit.platform.engine.support.hierarchical.ThrowableCollector.execute(ThrowableCollector.java:73)
             	at org.junit.platform.engine.support.hierarchical.NodeTestTask.lambda$executeRecursively$7(NodeTestTask.java:125)
             	at org.junit.platform.engine.support.hierarchical.Node.around(Node.java:135)
             	at org.junit.platform.engine.support.hierarchical.NodeTestTask.lambda$executeRecursively$8(NodeTestTask.java:123)
             	at org.junit.platform.engine.support.hierarchical.ThrowableCollector.execute(ThrowableCollector.java:73)
             	at org.junit.platform.engine.support.hierarchical.NodeTestTask.executeRecursively(NodeTestTask.java:122)
             	at org.junit.platform.engine.support.hierarchical.NodeTestTask.execute(NodeTestTask.java:80)
             	at org.junit.platform.engine.support.hierarchical.SameThreadHierarchicalTestExecutorService.submit(SameThreadHierarchicalTestExecutorService.java:32)
             	at org.junit.platform.engine.support.hierarchical.HierarchicalTestExecutor.execute(HierarchicalTestExecutor.java:57)
             	at org.junit.platform.engine.support.hierarchical.HierarchicalTestEngine.execute(HierarchicalTestEngine.java:51)
             	at org.junit.platform.launcher.core.DefaultLauncher.execute(DefaultLauncher.java:229)
             	at org.junit.platform.launcher.core.DefaultLauncher.lambda$execute$6(DefaultLauncher.java:197)
             	at org.junit.platform.launcher.core.DefaultLauncher.withInterceptedStreams(DefaultLauncher.java:211)
             	at org.junit.platform.launcher.core.DefaultLauncher.execute(DefaultLauncher.java:191)
             	at org.junit.platform.launcher.core.DefaultLauncher.execute(DefaultLauncher.java:128)
             	at org.junit.platform.console.tasks.ConsoleTestExecutor.executeTests(ConsoleTestExecutor.java:66)
             	at org.junit.platform.console.tasks.ConsoleTestExecutor.lambda$execute$0(ConsoleTestExecutor.java:58)
             	at org.junit.platform.console.tasks.CustomContextClassLoaderExecutor.replaceThreadContextClassLoaderAndInvoke(CustomContextClassLoaderExecutor.java:41)
             	at org.junit.platform.console.tasks.CustomContextClassLoaderExecutor.invoke(CustomContextClassLoaderExecutor.java:31)
             	at org.junit.platform.console.tasks.ConsoleTestExecutor.execute(ConsoleTestExecutor.java:58)
             	at org.junit.platform.console.ConsoleLauncher.executeTests(ConsoleLauncher.java:106)
             	at org.junit.platform.console.ConsoleLauncher.execute(ConsoleLauncher.java:90)
             	at org.junit.platform.console.ConsoleLauncher.execute(ConsoleLauncher.java:49)
             	at org.junit.platform.console.ConsoleLauncher.main(ConsoleLauncher.java:41)
Started:     testGetScoresSize() ([engine:junit-jupiter]/[class:GradeBookPrivateTest]/[method:testGetScoresSize()])
Finished:    testGetScoresSize() ([engine:junit-jupiter]/[class:GradeBookPrivateTest]/[method:testGetScoresSize()])
Started:     testToString() ([engine:junit-jupiter]/[class:GradeBookPrivateTest]/[method:testToString()])
Finished:    testToString() ([engine:junit-jupiter]/[class:GradeBookPrivateTest]/[method:testToString()])
Started:     testAddScore() ([engine:junit-jupiter]/[class:GradeBookPrivateTest]/[method:testAddScore()])
Finished:    testAddScore() ([engine:junit-jupiter]/[class:GradeBookPrivateTest]/[method:testAddScore()])
Started:     testMinimum() ([engine:junit-jupiter]/[class:GradeBookPrivateTest]/[method:testMinimum()])
Finished:    testMinimum() ([engine:junit-jupiter]/[class:GradeBookPrivateTest]/[method:testMinimum()])
             => Exception: org.opentest4j.AssertionFailedError: expected: <75.0> but was: <100.0>
             	at org.junit.jupiter.api.AssertionUtils.fail(AssertionUtils.java:55)
             	at org.junit.jupiter.api.AssertionUtils.failNotEqual(AssertionUtils.java:62)
             	at org.junit.jupiter.api.AssertEquals.assertEquals(AssertEquals.java:86)
             	at org.junit.jupiter.api.AssertEquals.assertEquals(AssertEquals.java:81)
             	at org.junit.jupiter.api.Assertions.assertEquals(Assertions.java:993)
             	at GradeBookPrivateTest.testMinimum(GradeBookPrivateTest.java:49)
             	at sun.reflect.NativeMethodAccessorImpl.invoke0(Native Method)
             	at sun.reflect.NativeMethodAccessorImpl.invoke(NativeMethodAccessorImpl.java:62)
             	at sun.reflect.DelegatingMethodAccessorImpl.invoke(DelegatingMethodAccessorImpl.java:43)
             	at java.lang.reflect.Method.invoke(Method.java:498)
             	at org.junit.platform.commons.util.ReflectionUtils.invokeMethod(ReflectionUtils.java:675)
             	at org.junit.jupiter.engine.execution.MethodInvocation.proceed(MethodInvocation.java:60)
             	at org.junit.jupiter.engine.execution.InvocationInterceptorChain$ValidatingInvocation.proceed(InvocationInterceptorChain.java:125)
             	at org.junit.jupiter.engine.extension.TimeoutExtension.intercept(TimeoutExtension.java:132)
             	at org.junit.jupiter.engine.extension.TimeoutExtension.interceptTestableMethod(TimeoutExtension.java:124)
             	at org.junit.jupiter.engine.extension.TimeoutExtension.interceptTestMethod(TimeoutExtension.java:74)
             	at org.junit.jupiter.engine.execution.ExecutableInvoker$ReflectiveInterceptorCall.lambda$ofVoidMethod$0(ExecutableInvoker.java:115)
             	at org.junit.jupiter.engine.execution.ExecutableInvoker.lambda$invoke$0(ExecutableInvoker.java:105)
             	at org.junit.jupiter.engine.execution.InvocationInterceptorChain$InterceptedInvocation.proceed(InvocationInterceptorChain.java:104)
             	at org.junit.jupiter.engine.execution.InvocationInterceptorChain.proceed(InvocationInterceptorChain.java:62)
             	at org.junit.jupiter.engine.execution.InvocationInterceptorChain.chainAndInvoke(InvocationInterceptorChain.java:43)
             	at org.junit.jupiter.engine.execution.InvocationInterceptorChain.invoke(InvocationInterceptorChain.java:35)
             	at org.junit.jupiter.engine.execution.ExecutableInvoker.invoke(ExecutableInvoker.java:104)
             	at org.junit.jupiter.engine.execution.ExecutableInvoker.invoke(ExecutableInvoker.java:98)
             	at org.junit.jupiter.engine.descriptor.TestMethodTestDescriptor.lambda$invokeTestMethod$6(TestMethodTestDescriptor.java:202)
             	at org.junit.platform.engine.support.hierarchical.ThrowableCollector.execute(ThrowableCollector.java:73)
             	at org.junit.jupiter.engine.descriptor.TestMethodTestDescriptor.invokeTestMethod(TestMethodTestDescriptor.java:198)
             	at org.junit.jupiter.engine.descriptor.TestMethodTestDescriptor.execute(TestMethodTestDescriptor.java:135)
             	at org.junit.jupiter.engine.descriptor.TestMethodTestDescriptor.execute(TestMethodTestDescriptor.java:69)
             	at org.junit.platform.engine.support.hierarchical.NodeTestTask.lambda$executeRecursively$5(NodeTestTask.java:135)
             	at org.junit.platform.engine.support.hierarchical.ThrowableCollector.execute(ThrowableCollector.java:73)
             	at org.junit.platform.engine.support.hierarchical.NodeTestTask.lambda$executeRecursively$7(NodeTestTask.java:125)
             	at org.junit.platform.engine.support.hierarchical.Node.around(Node.java:135)
             	at org.junit.platform.engine.support.hierarchical.NodeTestTask.lambda$executeRecursively$8(NodeTestTask.java:123)
             	at org.junit.platform.engine.support.hierarchical.ThrowableCollector.execute(ThrowableCollector.java:73)
             	at org.junit.platform.engine.support.hierarchical.NodeTestTask.executeRecursively(NodeTestTask.java:122)
             	at org.junit.platform.engine.support.hierarchical.NodeTestTask.execute(NodeTestTask.java:80)
             	at java.util.ArrayList.forEach(ArrayList.java:1257)
             	at org.junit.platform.engine.support.hierarchical.SameThreadHierarchicalTestExecutorService.invokeAll(SameThreadHierarchicalTestExecutorService.java:38)
             	at org.junit.platform.engine.support.hierarchical.NodeTestTask.lambda$executeRecursively$5(NodeTestTask.java:139)
             	at org.junit.platform.engine.support.hierarchical.ThrowableCollector.execute(ThrowableCollector.java:73)
             	at org.junit.platform.engine.support.hierarchical.NodeTestTask.lambda$executeRecursively$7(NodeTestTask.java:125)
             	at org.junit.platform.engine.support.hierarchical.Node.around(Node.java:135)
             	at org.junit.platform.engine.support.hierarchical.NodeTestTask.lambda$executeRecursively$8(NodeTestTask.java:123)
             	at org.junit.platform.engine.support.hierarchical.ThrowableCollector.execute(ThrowableCollector.java:73)
             	at org.junit.platform.engine.support.hierarchical.NodeTestTask.executeRecursively(NodeTestTask.java:122)
             	at org.junit.platform.engine.support.hierarchical.NodeTestTask.execute(NodeTestTask.java:80)
             	at java.util.ArrayList.forEach(ArrayList.java:1257)
             	at org.junit.platform.engine.support.hierarchical.SameThreadHierarchicalTestExecutorService.invokeAll(SameThreadHierarchicalTestExecutorService.java:38)
             	at org.junit.platform.engine.support.hierarchical.NodeTestTask.lambda$executeRecursively$5(NodeTestTask.java:139)
             	at org.junit.platform.engine.support.hierarchical.ThrowableCollector.execute(ThrowableCollector.java:73)
             	at org.junit.platform.engine.support.hierarchical.NodeTestTask.lambda$executeRecursively$7(NodeTestTask.java:125)
             	at org.junit.platform.engine.support.hierarchical.Node.around(Node.java:135)
             	at org.junit.platform.engine.support.hierarchical.NodeTestTask.lambda$executeRecursively$8(NodeTestTask.java:123)
             	at org.junit.platform.engine.support.hierarchical.ThrowableCollector.execute(ThrowableCollector.java:73)
             	at org.junit.platform.engine.support.hierarchical.NodeTestTask.executeRecursively(NodeTestTask.java:122)
             	at org.junit.platform.engine.support.hierarchical.NodeTestTask.execute(NodeTestTask.java:80)
             	at org.junit.platform.engine.support.hierarchical.SameThreadHierarchicalTestExecutorService.submit(SameThreadHierarchicalTestExecutorService.java:32)
             	at org.junit.platform.engine.support.hierarchical.HierarchicalTestExecutor.execute(HierarchicalTestExecutor.java:57)
             	at org.junit.platform.engine.support.hierarchical.HierarchicalTestEngine.execute(HierarchicalTestEngine.java:51)
             	at org.junit.platform.launcher.core.DefaultLauncher.execute(DefaultLauncher.java:229)
             	at org.junit.platform.launcher.core.DefaultLauncher.lambda$execute$6(DefaultLauncher.java:197)
             	at org.junit.platform.launcher.core.DefaultLauncher.withInterceptedStreams(DefaultLauncher.java:211)
             	at org.junit.platform.launcher.core.DefaultLauncher.execute(DefaultLauncher.java:191)
             	at org.junit.platform.launcher.core.DefaultLauncher.execute(DefaultLauncher.java:128)
             	at org.junit.platform.console.tasks.ConsoleTestExecutor.executeTests(ConsoleTestExecutor.java:66)
             	at org.junit.platform.console.tasks.ConsoleTestExecutor.lambda$execute$0(ConsoleTestExecutor.java:58)
             	at org.junit.platform.console.tasks.CustomContextClassLoaderExecutor.replaceThreadContextClassLoaderAndInvoke(CustomContextClassLoaderExecutor.java:41)
             	at org.junit.platform.console.tasks.CustomContextClassLoaderExecutor.invoke(CustomContextClassLoaderExecutor.java:31)
             	at org.junit.platform.console.tasks.ConsoleTestExecutor.execute(ConsoleTestExecutor.java:58)
             	at org.junit.platform.console.ConsoleLauncher.executeTests(ConsoleLauncher.java:106)
             	at org.junit.platform.console.ConsoleLauncher.execute(ConsoleLauncher.java:90)
             	at org.junit.platform.console.ConsoleLauncher.execute(ConsoleLauncher.java:49)
             	at org.junit.platform.console.ConsoleLauncher.main(ConsoleLauncher.java:41)
Started:     testFinalScore() ([engine:junit-jupiter]/[class:GradeBookPrivateTest]/[method:testFinalScore()])
Finished:    testFinalScore() ([engine:junit-jupiter]/[class:GradeBookPrivateTest]/[method:testFinalScore()])
Finished:    GradeBookPrivateTest ([engine:junit-jupiter]/[class:GradeBookPrivateTest])
Finished:    JUnit Jupiter ([engine:junit-jupiter])
Started:     JUnit Vintage ([engine:junit-vintage])
Finished:    JUnit Vintage ([engine:junit-vintage])
Test execution finished.

Test run finished after 143 ms
[         4 containers found      ]
[         0 containers skipped    ]
[         4 containers started    ]
[         0 containers aborted    ]
[         4 containers successful ]
[         0 containers failed     ]
[        12 tests found           ]
[         0 tests skipped         ]
[        12 tests started         ]
[         0 tests aborted         ]
[        10 tests successful      ]
[         2 tests failed          ]

StudentNumber4
Test execution started. Number of static tests: 12
Started:     JUnit Jupiter ([engine:junit-jupiter])
Started:     GradeBookTest ([engine:junit-jupiter]/[class:GradeBookTest])
Started:     testSum() ([engine:junit-jupiter]/[class:GradeBookTest]/[method:testSum()])
Finished:    testSum() ([engine:junit-jupiter]/[class:GradeBookTest]/[method:testSum()])
Started:     testGetScoresSize() ([engine:junit-jupiter]/[class:GradeBookTest]/[method:testGetScoresSize()])
Finished:    testGetScoresSize() ([engine:junit-jupiter]/[class:GradeBookTest]/[method:testGetScoresSize()])
Started:     testToString() ([engine:junit-jupiter]/[class:GradeBookTest]/[method:testToString()])
Finished:    testToString() ([engine:junit-jupiter]/[class:GradeBookTest]/[method:testToString()])
Started:     testAddScore() ([engine:junit-jupiter]/[class:GradeBookTest]/[method:testAddScore()])
Finished:    testAddScore() ([engine:junit-jupiter]/[class:GradeBookTest]/[method:testAddScore()])
Started:     testMinimum() ([engine:junit-jupiter]/[class:GradeBookTest]/[method:testMinimum()])
Finished:    testMinimum() ([engine:junit-jupiter]/[class:GradeBookTest]/[method:testMinimum()])
Started:     testFinalScore() ([engine:junit-jupiter]/[class:GradeBookTest]/[method:testFinalScore()])
Finished:    testFinalScore() ([engine:junit-jupiter]/[class:GradeBookTest]/[method:testFinalScore()])
Finished:    GradeBookTest ([engine:junit-jupiter]/[class:GradeBookTest])
Started:     GradeBookPrivateTest ([engine:junit-jupiter]/[class:GradeBookPrivateTest])
Started:     testSum() ([engine:junit-jupiter]/[class:GradeBookPrivateTest]/[method:testSum()])
Finished:    testSum() ([engine:junit-jupiter]/[class:GradeBookPrivateTest]/[method:testSum()])
             => Exception: org.opentest4j.AssertionFailedError: expected: <250.0> but was: <1000.0>
             	at org.junit.jupiter.api.AssertionUtils.fail(AssertionUtils.java:55)
             	at org.junit.jupiter.api.AssertionUtils.failNotEqual(AssertionUtils.java:62)
             	at org.junit.jupiter.api.AssertEquals.assertEquals(AssertEquals.java:86)
             	at org.junit.jupiter.api.AssertEquals.assertEquals(AssertEquals.java:81)
             	at org.junit.jupiter.api.Assertions.assertEquals(Assertions.java:993)
             	at GradeBookPrivateTest.testSum(GradeBookPrivateTest.java:42)
             	at sun.reflect.NativeMethodAccessorImpl.invoke0(Native Method)
             	at sun.reflect.NativeMethodAccessorImpl.invoke(NativeMethodAccessorImpl.java:62)
             	at sun.reflect.DelegatingMethodAccessorImpl.invoke(DelegatingMethodAccessorImpl.java:43)
             	at java.lang.reflect.Method.invoke(Method.java:498)
             	at org.junit.platform.commons.util.ReflectionUtils.invokeMethod(ReflectionUtils.java:675)
             	at org.junit.jupiter.engine.execution.MethodInvocation.proceed(MethodInvocation.java:60)
             	at org.junit.jupiter.engine.execution.InvocationInterceptorChain$ValidatingInvocation.proceed(InvocationInterceptorChain.java:125)
             	at org.junit.jupiter.engine.extension.TimeoutExtension.intercept(TimeoutExtension.java:132)
             	at org.junit.jupiter.engine.extension.TimeoutExtension.interceptTestableMethod(TimeoutExtension.java:124)
             	at org.junit.jupiter.engine.extension.TimeoutExtension.interceptTestMethod(TimeoutExtension.java:74)
             	at org.junit.jupiter.engine.execution.ExecutableInvoker$ReflectiveInterceptorCall.lambda$ofVoidMethod$0(ExecutableInvoker.java:115)
             	at org.junit.jupiter.engine.execution.ExecutableInvoker.lambda$invoke$0(ExecutableInvoker.java:105)
             	at org.junit.jupiter.engine.execution.InvocationInterceptorChain$InterceptedInvocation.proceed(InvocationInterceptorChain.java:104)
             	at org.junit.jupiter.engine.execution.InvocationInterceptorChain.proceed(InvocationInterceptorChain.java:62)
             	at org.junit.jupiter.engine.execution.InvocationInterceptorChain.chainAndInvoke(InvocationInterceptorChain.java:43)
             	at org.junit.jupiter.engine.execution.InvocationInterceptorChain.invoke(InvocationInterceptorChain.java:35)
             	at org.junit.jupiter.engine.execution.ExecutableInvoker.invoke(ExecutableInvoker.java:104)
             	at org.junit.jupiter.engine.execution.ExecutableInvoker.invoke(ExecutableInvoker.java:98)
             	at org.junit.jupiter.engine.descriptor.TestMethodTestDescriptor.lambda$invokeTestMethod$6(TestMethodTestDescriptor.java:202)
             	at org.junit.platform.engine.support.hierarchical.ThrowableCollector.execute(ThrowableCollector.java:73)
             	at org.junit.jupiter.engine.descriptor.TestMethodTestDescriptor.invokeTestMethod(TestMethodTestDescriptor.java:198)
             	at org.junit.jupiter.engine.descriptor.TestMethodTestDescriptor.execute(TestMethodTestDescriptor.java:135)
             	at org.junit.jupiter.engine.descriptor.TestMethodTestDescriptor.execute(TestMethodTestDescriptor.java:69)
             	at org.junit.platform.engine.support.hierarchical.NodeTestTask.lambda$executeRecursively$5(NodeTestTask.java:135)
             	at org.junit.platform.engine.support.hierarchical.ThrowableCollector.execute(ThrowableCollector.java:73)
             	at org.junit.platform.engine.support.hierarchical.NodeTestTask.lambda$executeRecursively$7(NodeTestTask.java:125)
             	at org.junit.platform.engine.support.hierarchical.Node.around(Node.java:135)
             	at org.junit.platform.engine.support.hierarchical.NodeTestTask.lambda$executeRecursively$8(NodeTestTask.java:123)
             	at org.junit.platform.engine.support.hierarchical.ThrowableCollector.execute(ThrowableCollector.java:73)
             	at org.junit.platform.engine.support.hierarchical.NodeTestTask.executeRecursively(NodeTestTask.java:122)
             	at org.junit.platform.engine.support.hierarchical.NodeTestTask.execute(NodeTestTask.java:80)
             	at java.util.ArrayList.forEach(ArrayList.java:1257)
             	at org.junit.platform.engine.support.hierarchical.SameThreadHierarchicalTestExecutorService.invokeAll(SameThreadHierarchicalTestExecutorService.java:38)
             	at org.junit.platform.engine.support.hierarchical.NodeTestTask.lambda$executeRecursively$5(NodeTestTask.java:139)
             	at org.junit.platform.engine.support.hierarchical.ThrowableCollector.execute(ThrowableCollector.java:73)
             	at org.junit.platform.engine.support.hierarchical.NodeTestTask.lambda$executeRecursively$7(NodeTestTask.java:125)
             	at org.junit.platform.engine.support.hierarchical.Node.around(Node.java:135)
             	at org.junit.platform.engine.support.hierarchical.NodeTestTask.lambda$executeRecursively$8(NodeTestTask.java:123)
             	at org.junit.platform.engine.support.hierarchical.ThrowableCollector.execute(ThrowableCollector.java:73)
             	at org.junit.platform.engine.support.hierarchical.NodeTestTask.executeRecursively(NodeTestTask.java:122)
             	at org.junit.platform.engine.support.hierarchical.NodeTestTask.execute(NodeTestTask.java:80)
             	at java.util.ArrayList.forEach(ArrayList.java:1257)
             	at org.junit.platform.engine.support.hierarchical.SameThreadHierarchicalTestExecutorService.invokeAll(SameThreadHierarchicalTestExecutorService.java:38)
             	at org.junit.platform.engine.support.hierarchical.NodeTestTask.lambda$executeRecursively$5(NodeTestTask.java:139)
             	at org.junit.platform.engine.support.hierarchical.ThrowableCollector.execute(ThrowableCollector.java:73)
             	at org.junit.platform.engine.support.hierarchical.NodeTestTask.lambda$executeRecursively$7(NodeTestTask.java:125)
             	at org.junit.platform.engine.support.hierarchical.Node.around(Node.java:135)
             	at org.junit.platform.engine.support.hierarchical.NodeTestTask.lambda$executeRecursively$8(NodeTestTask.java:123)
             	at org.junit.platform.engine.support.hierarchical.ThrowableCollector.execute(ThrowableCollector.java:73)
             	at org.junit.platform.engine.support.hierarchical.NodeTestTask.executeRecursively(NodeTestTask.java:122)
             	at org.junit.platform.engine.support.hierarchical.NodeTestTask.execute(NodeTestTask.java:80)
             	at org.junit.platform.engine.support.hierarchical.SameThreadHierarchicalTestExecutorService.submit(SameThreadHierarchicalTestExecutorService.java:32)
             	at org.junit.platform.engine.support.hierarchical.HierarchicalTestExecutor.execute(HierarchicalTestExecutor.java:57)
             	at org.junit.platform.engine.support.hierarchical.HierarchicalTestEngine.execute(HierarchicalTestEngine.java:51)
             	at org.junit.platform.launcher.core.DefaultLauncher.execute(DefaultLauncher.java:229)
             	at org.junit.platform.launcher.core.DefaultLauncher.lambda$execute$6(DefaultLauncher.java:197)
             	at org.junit.platform.launcher.core.DefaultLauncher.withInterceptedStreams(DefaultLauncher.java:211)
             	at org.junit.platform.launcher.core.DefaultLauncher.execute(DefaultLauncher.java:191)
             	at org.junit.platform.launcher.core.DefaultLauncher.execute(DefaultLauncher.java:128)
             	at org.junit.platform.console.tasks.ConsoleTestExecutor.executeTests(ConsoleTestExecutor.java:66)
             	at org.junit.platform.console.tasks.ConsoleTestExecutor.lambda$execute$0(ConsoleTestExecutor.java:58)
             	at org.junit.platform.console.tasks.CustomContextClassLoaderExecutor.replaceThreadContextClassLoaderAndInvoke(CustomContextClassLoaderExecutor.java:41)
             	at org.junit.platform.console.tasks.CustomContextClassLoaderExecutor.invoke(CustomContextClassLoaderExecutor.java:31)
             	at org.junit.platform.console.tasks.ConsoleTestExecutor.execute(ConsoleTestExecutor.java:58)
             	at org.junit.platform.console.ConsoleLauncher.executeTests(ConsoleLauncher.java:106)
             	at org.junit.platform.console.ConsoleLauncher.execute(ConsoleLauncher.java:90)
             	at org.junit.platform.console.ConsoleLauncher.execute(ConsoleLauncher.java:49)
             	at org.junit.platform.console.ConsoleLauncher.main(ConsoleLauncher.java:41)
Started:     testGetScoresSize() ([engine:junit-jupiter]/[class:GradeBookPrivateTest]/[method:testGetScoresSize()])
Finished:    testGetScoresSize() ([engine:junit-jupiter]/[class:GradeBookPrivateTest]/[method:testGetScoresSize()])
Started:     testToString() ([engine:junit-jupiter]/[class:GradeBookPrivateTest]/[method:testToString()])
Finished:    testToString() ([engine:junit-jupiter]/[class:GradeBookPrivateTest]/[method:testToString()])
Started:     testAddScore() ([engine:junit-jupiter]/[class:GradeBookPrivateTest]/[method:testAddScore()])
Finished:    testAddScore() ([engine:junit-jupiter]/[class:GradeBookPrivateTest]/[method:testAddScore()])
Started:     testMinimum() ([engine:junit-jupiter]/[class:GradeBookPrivateTest]/[method:testMinimum()])
Finished:    testMinimum() ([engine:junit-jupiter]/[class:GradeBookPrivateTest]/[method:testMinimum()])
             => Exception: org.opentest4j.AssertionFailedError: expected: <75.0> but was: <100.0>
             	at org.junit.jupiter.api.AssertionUtils.fail(AssertionUtils.java:55)
             	at org.junit.jupiter.api.AssertionUtils.failNotEqual(AssertionUtils.java:62)
             	at org.junit.jupiter.api.AssertEquals.assertEquals(AssertEquals.java:86)
             	at org.junit.jupiter.api.AssertEquals.assertEquals(AssertEquals.java:81)
             	at org.junit.jupiter.api.Assertions.assertEquals(Assertions.java:993)
             	at GradeBookPrivateTest.testMinimum(GradeBookPrivateTest.java:49)
             	at sun.reflect.NativeMethodAccessorImpl.invoke0(Native Method)
             	at sun.reflect.NativeMethodAccessorImpl.invoke(NativeMethodAccessorImpl.java:62)
             	at sun.reflect.DelegatingMethodAccessorImpl.invoke(DelegatingMethodAccessorImpl.java:43)
             	at java.lang.reflect.Method.invoke(Method.java:498)
             	at org.junit.platform.commons.util.ReflectionUtils.invokeMethod(ReflectionUtils.java:675)
             	at org.junit.jupiter.engine.execution.MethodInvocation.proceed(MethodInvocation.java:60)
             	at org.junit.jupiter.engine.execution.InvocationInterceptorChain$ValidatingInvocation.proceed(InvocationInterceptorChain.java:125)
             	at org.junit.jupiter.engine.extension.TimeoutExtension.intercept(TimeoutExtension.java:132)
             	at org.junit.jupiter.engine.extension.TimeoutExtension.interceptTestableMethod(TimeoutExtension.java:124)
             	at org.junit.jupiter.engine.extension.TimeoutExtension.interceptTestMethod(TimeoutExtension.java:74)
             	at org.junit.jupiter.engine.execution.ExecutableInvoker$ReflectiveInterceptorCall.lambda$ofVoidMethod$0(ExecutableInvoker.java:115)
             	at org.junit.jupiter.engine.execution.ExecutableInvoker.lambda$invoke$0(ExecutableInvoker.java:105)
             	at org.junit.jupiter.engine.execution.InvocationInterceptorChain$InterceptedInvocation.proceed(InvocationInterceptorChain.java:104)
             	at org.junit.jupiter.engine.execution.InvocationInterceptorChain.proceed(InvocationInterceptorChain.java:62)
             	at org.junit.jupiter.engine.execution.InvocationInterceptorChain.chainAndInvoke(InvocationInterceptorChain.java:43)
             	at org.junit.jupiter.engine.execution.InvocationInterceptorChain.invoke(InvocationInterceptorChain.java:35)
             	at org.junit.jupiter.engine.execution.ExecutableInvoker.invoke(ExecutableInvoker.java:104)
             	at org.junit.jupiter.engine.execution.ExecutableInvoker.invoke(ExecutableInvoker.java:98)
             	at org.junit.jupiter.engine.descriptor.TestMethodTestDescriptor.lambda$invokeTestMethod$6(TestMethodTestDescriptor.java:202)
             	at org.junit.platform.engine.support.hierarchical.ThrowableCollector.execute(ThrowableCollector.java:73)
             	at org.junit.jupiter.engine.descriptor.TestMethodTestDescriptor.invokeTestMethod(TestMethodTestDescriptor.java:198)
             	at org.junit.jupiter.engine.descriptor.TestMethodTestDescriptor.execute(TestMethodTestDescriptor.java:135)
             	at org.junit.jupiter.engine.descriptor.TestMethodTestDescriptor.execute(TestMethodTestDescriptor.java:69)
             	at org.junit.platform.engine.support.hierarchical.NodeTestTask.lambda$executeRecursively$5(NodeTestTask.java:135)
             	at org.junit.platform.engine.support.hierarchical.ThrowableCollector.execute(ThrowableCollector.java:73)
             	at org.junit.platform.engine.support.hierarchical.NodeTestTask.lambda$executeRecursively$7(NodeTestTask.java:125)
             	at org.junit.platform.engine.support.hierarchical.Node.around(Node.java:135)
             	at org.junit.platform.engine.support.hierarchical.NodeTestTask.lambda$executeRecursively$8(NodeTestTask.java:123)
             	at org.junit.platform.engine.support.hierarchical.ThrowableCollector.execute(ThrowableCollector.java:73)
             	at org.junit.platform.engine.support.hierarchical.NodeTestTask.executeRecursively(NodeTestTask.java:122)
             	at org.junit.platform.engine.support.hierarchical.NodeTestTask.execute(NodeTestTask.java:80)
             	at java.util.ArrayList.forEach(ArrayList.java:1257)
             	at org.junit.platform.engine.support.hierarchical.SameThreadHierarchicalTestExecutorService.invokeAll(SameThreadHierarchicalTestExecutorService.java:38)
             	at org.junit.platform.engine.support.hierarchical.NodeTestTask.lambda$executeRecursively$5(NodeTestTask.java:139)
             	at org.junit.platform.engine.support.hierarchical.ThrowableCollector.execute(ThrowableCollector.java:73)
             	at org.junit.platform.engine.support.hierarchical.NodeTestTask.lambda$executeRecursively$7(NodeTestTask.java:125)
             	at org.junit.platform.engine.support.hierarchical.Node.around(Node.java:135)
             	at org.junit.platform.engine.support.hierarchical.NodeTestTask.lambda$executeRecursively$8(NodeTestTask.java:123)
             	at org.junit.platform.engine.support.hierarchical.ThrowableCollector.execute(ThrowableCollector.java:73)
             	at org.junit.platform.engine.support.hierarchical.NodeTestTask.executeRecursively(NodeTestTask.java:122)
             	at org.junit.platform.engine.support.hierarchical.NodeTestTask.execute(NodeTestTask.java:80)
             	at java.util.ArrayList.forEach(ArrayList.java:1257)
             	at org.junit.platform.engine.support.hierarchical.SameThreadHierarchicalTestExecutorService.invokeAll(SameThreadHierarchicalTestExecutorService.java:38)
             	at org.junit.platform.engine.support.hierarchical.NodeTestTask.lambda$executeRecursively$5(NodeTestTask.java:139)
             	at org.junit.platform.engine.support.hierarchical.ThrowableCollector.execute(ThrowableCollector.java:73)
             	at org.junit.platform.engine.support.hierarchical.NodeTestTask.lambda$executeRecursively$7(NodeTestTask.java:125)
             	at org.junit.platform.engine.support.hierarchical.Node.around(Node.java:135)
             	at org.junit.platform.engine.support.hierarchical.NodeTestTask.lambda$executeRecursively$8(NodeTestTask.java:123)
             	at org.junit.platform.engine.support.hierarchical.ThrowableCollector.execute(ThrowableCollector.java:73)
             	at org.junit.platform.engine.support.hierarchical.NodeTestTask.executeRecursively(NodeTestTask.java:122)
             	at org.junit.platform.engine.support.hierarchical.NodeTestTask.execute(NodeTestTask.java:80)
             	at org.junit.platform.engine.support.hierarchical.SameThreadHierarchicalTestExecutorService.submit(SameThreadHierarchicalTestExecutorService.java:32)
             	at org.junit.platform.engine.support.hierarchical.HierarchicalTestExecutor.execute(HierarchicalTestExecutor.java:57)
             	at org.junit.platform.engine.support.hierarchical.HierarchicalTestEngine.execute(HierarchicalTestEngine.java:51)
             	at org.junit.platform.launcher.core.DefaultLauncher.execute(DefaultLauncher.java:229)
             	at org.junit.platform.launcher.core.DefaultLauncher.lambda$execute$6(DefaultLauncher.java:197)
             	at org.junit.platform.launcher.core.DefaultLauncher.withInterceptedStreams(DefaultLauncher.java:211)
             	at org.junit.platform.launcher.core.DefaultLauncher.execute(DefaultLauncher.java:191)
             	at org.junit.platform.launcher.core.DefaultLauncher.execute(DefaultLauncher.java:128)
             	at org.junit.platform.console.tasks.ConsoleTestExecutor.executeTests(ConsoleTestExecutor.java:66)
             	at org.junit.platform.console.tasks.ConsoleTestExecutor.lambda$execute$0(ConsoleTestExecutor.java:58)
             	at org.junit.platform.console.tasks.CustomContextClassLoaderExecutor.replaceThreadContextClassLoaderAndInvoke(CustomContextClassLoaderExecutor.java:41)
             	at org.junit.platform.console.tasks.CustomContextClassLoaderExecutor.invoke(CustomContextClassLoaderExecutor.java:31)
             	at org.junit.platform.console.tasks.ConsoleTestExecutor.execute(ConsoleTestExecutor.java:58)
             	at org.junit.platform.console.ConsoleLauncher.executeTests(ConsoleLauncher.java:106)
             	at org.junit.platform.console.ConsoleLauncher.execute(ConsoleLauncher.java:90)
             	at org.junit.platform.console.ConsoleLauncher.execute(ConsoleLauncher.java:49)
             	at org.junit.platform.console.ConsoleLauncher.main(ConsoleLauncher.java:41)
Started:     testFinalScore() ([engine:junit-jupiter]/[class:GradeBookPrivateTest]/[method:testFinalScore()])
Finished:    testFinalScore() ([engine:junit-jupiter]/[class:GradeBookPrivateTest]/[method:testFinalScore()])
Finished:    GradeBookPrivateTest ([engine:junit-jupiter]/[class:GradeBookPrivateTest])
Finished:    JUnit Jupiter ([engine:junit-jupiter])
Started:     JUnit Vintage ([engine:junit-vintage])
Finished:    JUnit Vintage ([engine:junit-vintage])
Test execution finished.

Test run finished after 147 ms
[         4 containers found      ]
[         0 containers skipped    ]
[         4 containers started    ]
[         0 containers aborted    ]
[         4 containers successful ]
[         0 containers failed     ]
[        12 tests found           ]
[         0 tests skipped         ]
[        12 tests started         ]
[         0 tests aborted         ]
[        10 tests successful      ]
[         2 tests failed          ]

StudentNumber5
Test execution started. Number of static tests: 12
Started:     JUnit Jupiter ([engine:junit-jupiter])
Started:     GradeBookTest ([engine:junit-jupiter]/[class:GradeBookTest])
Started:     testSum() ([engine:junit-jupiter]/[class:GradeBookTest]/[method:testSum()])
Finished:    testSum() ([engine:junit-jupiter]/[class:GradeBookTest]/[method:testSum()])
Started:     testGetScoresSize() ([engine:junit-jupiter]/[class:GradeBookTest]/[method:testGetScoresSize()])
Finished:    testGetScoresSize() ([engine:junit-jupiter]/[class:GradeBookTest]/[method:testGetScoresSize()])
Started:     testToString() ([engine:junit-jupiter]/[class:GradeBookTest]/[method:testToString()])
Finished:    testToString() ([engine:junit-jupiter]/[class:GradeBookTest]/[method:testToString()])
Started:     testAddScore() ([engine:junit-jupiter]/[class:GradeBookTest]/[method:testAddScore()])
Finished:    testAddScore() ([engine:junit-jupiter]/[class:GradeBookTest]/[method:testAddScore()])
Started:     testMinimum() ([engine:junit-jupiter]/[class:GradeBookTest]/[method:testMinimum()])
Finished:    testMinimum() ([engine:junit-jupiter]/[class:GradeBookTest]/[method:testMinimum()])
Started:     testFinalScore() ([engine:junit-jupiter]/[class:GradeBookTest]/[method:testFinalScore()])
Finished:    testFinalScore() ([engine:junit-jupiter]/[class:GradeBookTest]/[method:testFinalScore()])
Finished:    GradeBookTest ([engine:junit-jupiter]/[class:GradeBookTest])
Started:     GradeBookPrivateTest ([engine:junit-jupiter]/[class:GradeBookPrivateTest])
Started:     testSum() ([engine:junit-jupiter]/[class:GradeBookPrivateTest]/[method:testSum()])
Finished:    testSum() ([engine:junit-jupiter]/[class:GradeBookPrivateTest]/[method:testSum()])
             => Exception: org.opentest4j.AssertionFailedError: expected: <250.0> but was: <1000.0>
             	at org.junit.jupiter.api.AssertionUtils.fail(AssertionUtils.java:55)
             	at org.junit.jupiter.api.AssertionUtils.failNotEqual(AssertionUtils.java:62)
             	at org.junit.jupiter.api.AssertEquals.assertEquals(AssertEquals.java:86)
             	at org.junit.jupiter.api.AssertEquals.assertEquals(AssertEquals.java:81)
             	at org.junit.jupiter.api.Assertions.assertEquals(Assertions.java:993)
             	at GradeBookPrivateTest.testSum(GradeBookPrivateTest.java:42)
             	at sun.reflect.NativeMethodAccessorImpl.invoke0(Native Method)
             	at sun.reflect.NativeMethodAccessorImpl.invoke(NativeMethodAccessorImpl.java:62)
             	at sun.reflect.DelegatingMethodAccessorImpl.invoke(DelegatingMethodAccessorImpl.java:43)
             	at java.lang.reflect.Method.invoke(Method.java:498)
             	at org.junit.platform.commons.util.ReflectionUtils.invokeMethod(ReflectionUtils.java:675)
             	at org.junit.jupiter.engine.execution.MethodInvocation.proceed(MethodInvocation.java:60)
             	at org.junit.jupiter.engine.execution.InvocationInterceptorChain$ValidatingInvocation.proceed(InvocationInterceptorChain.java:125)
             	at org.junit.jupiter.engine.extension.TimeoutExtension.intercept(TimeoutExtension.java:132)
             	at org.junit.jupiter.engine.extension.TimeoutExtension.interceptTestableMethod(TimeoutExtension.java:124)
             	at org.junit.jupiter.engine.extension.TimeoutExtension.interceptTestMethod(TimeoutExtension.java:74)
             	at org.junit.jupiter.engine.execution.ExecutableInvoker$ReflectiveInterceptorCall.lambda$ofVoidMethod$0(ExecutableInvoker.java:115)
             	at org.junit.jupiter.engine.execution.ExecutableInvoker.lambda$invoke$0(ExecutableInvoker.java:105)
             	at org.junit.jupiter.engine.execution.InvocationInterceptorChain$InterceptedInvocation.proceed(InvocationInterceptorChain.java:104)
             	at org.junit.jupiter.engine.execution.InvocationInterceptorChain.proceed(InvocationInterceptorChain.java:62)
             	at org.junit.jupiter.engine.execution.InvocationInterceptorChain.chainAndInvoke(InvocationInterceptorChain.java:43)
             	at org.junit.jupiter.engine.execution.InvocationInterceptorChain.invoke(InvocationInterceptorChain.java:35)
             	at org.junit.jupiter.engine.execution.ExecutableInvoker.invoke(ExecutableInvoker.java:104)
             	at org.junit.jupiter.engine.execution.ExecutableInvoker.invoke(ExecutableInvoker.java:98)
             	at org.junit.jupiter.engine.descriptor.TestMethodTestDescriptor.lambda$invokeTestMethod$6(TestMethodTestDescriptor.java:202)
             	at org.junit.platform.engine.support.hierarchical.ThrowableCollector.execute(ThrowableCollector.java:73)
             	at org.junit.jupiter.engine.descriptor.TestMethodTestDescriptor.invokeTestMethod(TestMethodTestDescriptor.java:198)
             	at org.junit.jupiter.engine.descriptor.TestMethodTestDescriptor.execute(TestMethodTestDescriptor.java:135)
             	at org.junit.jupiter.engine.descriptor.TestMethodTestDescriptor.execute(TestMethodTestDescriptor.java:69)
             	at org.junit.platform.engine.support.hierarchical.NodeTestTask.lambda$executeRecursively$5(NodeTestTask.java:135)
             	at org.junit.platform.engine.support.hierarchical.ThrowableCollector.execute(ThrowableCollector.java:73)
             	at org.junit.platform.engine.support.hierarchical.NodeTestTask.lambda$executeRecursively$7(NodeTestTask.java:125)
             	at org.junit.platform.engine.support.hierarchical.Node.around(Node.java:135)
             	at org.junit.platform.engine.support.hierarchical.NodeTestTask.lambda$executeRecursively$8(NodeTestTask.java:123)
             	at org.junit.platform.engine.support.hierarchical.ThrowableCollector.execute(ThrowableCollector.java:73)
             	at org.junit.platform.engine.support.hierarchical.NodeTestTask.executeRecursively(NodeTestTask.java:122)
             	at org.junit.platform.engine.support.hierarchical.NodeTestTask.execute(NodeTestTask.java:80)
             	at java.util.ArrayList.forEach(ArrayList.java:1257)
             	at org.junit.platform.engine.support.hierarchical.SameThreadHierarchicalTestExecutorService.invokeAll(SameThreadHierarchicalTestExecutorService.java:38)
             	at org.junit.platform.engine.support.hierarchical.NodeTestTask.lambda$executeRecursively$5(NodeTestTask.java:139)
             	at org.junit.platform.engine.support.hierarchical.ThrowableCollector.execute(ThrowableCollector.java:73)
             	at org.junit.platform.engine.support.hierarchical.NodeTestTask.lambda$executeRecursively$7(NodeTestTask.java:125)
             	at org.junit.platform.engine.support.hierarchical.Node.around(Node.java:135)
             	at org.junit.platform.engine.support.hierarchical.NodeTestTask.lambda$executeRecursively$8(NodeTestTask.java:123)
             	at org.junit.platform.engine.support.hierarchical.ThrowableCollector.execute(ThrowableCollector.java:73)
             	at org.junit.platform.engine.support.hierarchical.NodeTestTask.executeRecursively(NodeTestTask.java:122)
             	at org.junit.platform.engine.support.hierarchical.NodeTestTask.execute(NodeTestTask.java:80)
             	at java.util.ArrayList.forEach(ArrayList.java:1257)
             	at org.junit.platform.engine.support.hierarchical.SameThreadHierarchicalTestExecutorService.invokeAll(SameThreadHierarchicalTestExecutorService.java:38)
             	at org.junit.platform.engine.support.hierarchical.NodeTestTask.lambda$executeRecursively$5(NodeTestTask.java:139)
             	at org.junit.platform.engine.support.hierarchical.ThrowableCollector.execute(ThrowableCollector.java:73)
             	at org.junit.platform.engine.support.hierarchical.NodeTestTask.lambda$executeRecursively$7(NodeTestTask.java:125)
             	at org.junit.platform.engine.support.hierarchical.Node.around(Node.java:135)
             	at org.junit.platform.engine.support.hierarchical.NodeTestTask.lambda$executeRecursively$8(NodeTestTask.java:123)
             	at org.junit.platform.engine.support.hierarchical.ThrowableCollector.execute(ThrowableCollector.java:73)
             	at org.junit.platform.engine.support.hierarchical.NodeTestTask.executeRecursively(NodeTestTask.java:122)
             	at org.junit.platform.engine.support.hierarchical.NodeTestTask.execute(NodeTestTask.java:80)
             	at org.junit.platform.engine.support.hierarchical.SameThreadHierarchicalTestExecutorService.submit(SameThreadHierarchicalTestExecutorService.java:32)
             	at org.junit.platform.engine.support.hierarchical.HierarchicalTestExecutor.execute(HierarchicalTestExecutor.java:57)
             	at org.junit.platform.engine.support.hierarchical.HierarchicalTestEngine.execute(HierarchicalTestEngine.java:51)
             	at org.junit.platform.launcher.core.DefaultLauncher.execute(DefaultLauncher.java:229)
             	at org.junit.platform.launcher.core.DefaultLauncher.lambda$execute$6(DefaultLauncher.java:197)
             	at org.junit.platform.launcher.core.DefaultLauncher.withInterceptedStreams(DefaultLauncher.java:211)
             	at org.junit.platform.launcher.core.DefaultLauncher.execute(DefaultLauncher.java:191)
             	at org.junit.platform.launcher.core.DefaultLauncher.execute(DefaultLauncher.java:128)
             	at org.junit.platform.console.tasks.ConsoleTestExecutor.executeTests(ConsoleTestExecutor.java:66)
             	at org.junit.platform.console.tasks.ConsoleTestExecutor.lambda$execute$0(ConsoleTestExecutor.java:58)
             	at org.junit.platform.console.tasks.CustomContextClassLoaderExecutor.replaceThreadContextClassLoaderAndInvoke(CustomContextClassLoaderExecutor.java:41)
             	at org.junit.platform.console.tasks.CustomContextClassLoaderExecutor.invoke(CustomContextClassLoaderExecutor.java:31)
             	at org.junit.platform.console.tasks.ConsoleTestExecutor.execute(ConsoleTestExecutor.java:58)
             	at org.junit.platform.console.ConsoleLauncher.executeTests(ConsoleLauncher.java:106)
             	at org.junit.platform.console.ConsoleLauncher.execute(ConsoleLauncher.java:90)
             	at org.junit.platform.console.ConsoleLauncher.execute(ConsoleLauncher.java:49)
             	at org.junit.platform.console.ConsoleLauncher.main(ConsoleLauncher.java:41)
Started:     testGetScoresSize() ([engine:junit-jupiter]/[class:GradeBookPrivateTest]/[method:testGetScoresSize()])
Finished:    testGetScoresSize() ([engine:junit-jupiter]/[class:GradeBookPrivateTest]/[method:testGetScoresSize()])
Started:     testToString() ([engine:junit-jupiter]/[class:GradeBookPrivateTest]/[method:testToString()])
Finished:    testToString() ([engine:junit-jupiter]/[class:GradeBookPrivateTest]/[method:testToString()])
Started:     testAddScore() ([engine:junit-jupiter]/[class:GradeBookPrivateTest]/[method:testAddScore()])
Finished:    testAddScore() ([engine:junit-jupiter]/[class:GradeBookPrivateTest]/[method:testAddScore()])
Started:     testMinimum() ([engine:junit-jupiter]/[class:GradeBookPrivateTest]/[method:testMinimum()])
Finished:    testMinimum() ([engine:junit-jupiter]/[class:GradeBookPrivateTest]/[method:testMinimum()])
             => Exception: org.opentest4j.AssertionFailedError: expected: <75.0> but was: <100.0>
             	at org.junit.jupiter.api.AssertionUtils.fail(AssertionUtils.java:55)
             	at org.junit.jupiter.api.AssertionUtils.failNotEqual(AssertionUtils.java:62)
             	at org.junit.jupiter.api.AssertEquals.assertEquals(AssertEquals.java:86)
             	at org.junit.jupiter.api.AssertEquals.assertEquals(AssertEquals.java:81)
             	at org.junit.jupiter.api.Assertions.assertEquals(Assertions.java:993)
             	at GradeBookPrivateTest.testMinimum(GradeBookPrivateTest.java:49)
             	at sun.reflect.NativeMethodAccessorImpl.invoke0(Native Method)
             	at sun.reflect.NativeMethodAccessorImpl.invoke(NativeMethodAccessorImpl.java:62)
             	at sun.reflect.DelegatingMethodAccessorImpl.invoke(DelegatingMethodAccessorImpl.java:43)
             	at java.lang.reflect.Method.invoke(Method.java:498)
             	at org.junit.platform.commons.util.ReflectionUtils.invokeMethod(ReflectionUtils.java:675)
             	at org.junit.jupiter.engine.execution.MethodInvocation.proceed(MethodInvocation.java:60)
             	at org.junit.jupiter.engine.execution.InvocationInterceptorChain$ValidatingInvocation.proceed(InvocationInterceptorChain.java:125)
             	at org.junit.jupiter.engine.extension.TimeoutExtension.intercept(TimeoutExtension.java:132)
             	at org.junit.jupiter.engine.extension.TimeoutExtension.interceptTestableMethod(TimeoutExtension.java:124)
             	at org.junit.jupiter.engine.extension.TimeoutExtension.interceptTestMethod(TimeoutExtension.java:74)
             	at org.junit.jupiter.engine.execution.ExecutableInvoker$ReflectiveInterceptorCall.lambda$ofVoidMethod$0(ExecutableInvoker.java:115)
             	at org.junit.jupiter.engine.execution.ExecutableInvoker.lambda$invoke$0(ExecutableInvoker.java:105)
             	at org.junit.jupiter.engine.execution.InvocationInterceptorChain$InterceptedInvocation.proceed(InvocationInterceptorChain.java:104)
             	at org.junit.jupiter.engine.execution.InvocationInterceptorChain.proceed(InvocationInterceptorChain.java:62)
             	at org.junit.jupiter.engine.execution.InvocationInterceptorChain.chainAndInvoke(InvocationInterceptorChain.java:43)
             	at org.junit.jupiter.engine.execution.InvocationInterceptorChain.invoke(InvocationInterceptorChain.java:35)
             	at org.junit.jupiter.engine.execution.ExecutableInvoker.invoke(ExecutableInvoker.java:104)
             	at org.junit.jupiter.engine.execution.ExecutableInvoker.invoke(ExecutableInvoker.java:98)
             	at org.junit.jupiter.engine.descriptor.TestMethodTestDescriptor.lambda$invokeTestMethod$6(TestMethodTestDescriptor.java:202)
             	at org.junit.platform.engine.support.hierarchical.ThrowableCollector.execute(ThrowableCollector.java:73)
             	at org.junit.jupiter.engine.descriptor.TestMethodTestDescriptor.invokeTestMethod(TestMethodTestDescriptor.java:198)
             	at org.junit.jupiter.engine.descriptor.TestMethodTestDescriptor.execute(TestMethodTestDescriptor.java:135)
             	at org.junit.jupiter.engine.descriptor.TestMethodTestDescriptor.execute(TestMethodTestDescriptor.java:69)
             	at org.junit.platform.engine.support.hierarchical.NodeTestTask.lambda$executeRecursively$5(NodeTestTask.java:135)
             	at org.junit.platform.engine.support.hierarchical.ThrowableCollector.execute(ThrowableCollector.java:73)
             	at org.junit.platform.engine.support.hierarchical.NodeTestTask.lambda$executeRecursively$7(NodeTestTask.java:125)
             	at org.junit.platform.engine.support.hierarchical.Node.around(Node.java:135)
             	at org.junit.platform.engine.support.hierarchical.NodeTestTask.lambda$executeRecursively$8(NodeTestTask.java:123)
             	at org.junit.platform.engine.support.hierarchical.ThrowableCollector.execute(ThrowableCollector.java:73)
             	at org.junit.platform.engine.support.hierarchical.NodeTestTask.executeRecursively(NodeTestTask.java:122)
             	at org.junit.platform.engine.support.hierarchical.NodeTestTask.execute(NodeTestTask.java:80)
             	at java.util.ArrayList.forEach(ArrayList.java:1257)
             	at org.junit.platform.engine.support.hierarchical.SameThreadHierarchicalTestExecutorService.invokeAll(SameThreadHierarchicalTestExecutorService.java:38)
             	at org.junit.platform.engine.support.hierarchical.NodeTestTask.lambda$executeRecursively$5(NodeTestTask.java:139)
             	at org.junit.platform.engine.support.hierarchical.ThrowableCollector.execute(ThrowableCollector.java:73)
             	at org.junit.platform.engine.support.hierarchical.NodeTestTask.lambda$executeRecursively$7(NodeTestTask.java:125)
             	at org.junit.platform.engine.support.hierarchical.Node.around(Node.java:135)
             	at org.junit.platform.engine.support.hierarchical.NodeTestTask.lambda$executeRecursively$8(NodeTestTask.java:123)
             	at org.junit.platform.engine.support.hierarchical.ThrowableCollector.execute(ThrowableCollector.java:73)
             	at org.junit.platform.engine.support.hierarchical.NodeTestTask.executeRecursively(NodeTestTask.java:122)
             	at org.junit.platform.engine.support.hierarchical.NodeTestTask.execute(NodeTestTask.java:80)
             	at java.util.ArrayList.forEach(ArrayList.java:1257)
             	at org.junit.platform.engine.support.hierarchical.SameThreadHierarchicalTestExecutorService.invokeAll(SameThreadHierarchicalTestExecutorService.java:38)
             	at org.junit.platform.engine.support.hierarchical.NodeTestTask.lambda$executeRecursively$5(NodeTestTask.java:139)
             	at org.junit.platform.engine.support.hierarchical.ThrowableCollector.execute(ThrowableCollector.java:73)
             	at org.junit.platform.engine.support.hierarchical.NodeTestTask.lambda$executeRecursively$7(NodeTestTask.java:125)
             	at org.junit.platform.engine.support.hierarchical.Node.around(Node.java:135)
             	at org.junit.platform.engine.support.hierarchical.NodeTestTask.lambda$executeRecursively$8(NodeTestTask.java:123)
             	at org.junit.platform.engine.support.hierarchical.ThrowableCollector.execute(ThrowableCollector.java:73)
             	at org.junit.platform.engine.support.hierarchical.NodeTestTask.executeRecursively(NodeTestTask.java:122)
             	at org.junit.platform.engine.support.hierarchical.NodeTestTask.execute(NodeTestTask.java:80)
             	at org.junit.platform.engine.support.hierarchical.SameThreadHierarchicalTestExecutorService.submit(SameThreadHierarchicalTestExecutorService.java:32)
             	at org.junit.platform.engine.support.hierarchical.HierarchicalTestExecutor.execute(HierarchicalTestExecutor.java:57)
             	at org.junit.platform.engine.support.hierarchical.HierarchicalTestEngine.execute(HierarchicalTestEngine.java:51)
             	at org.junit.platform.launcher.core.DefaultLauncher.execute(DefaultLauncher.java:229)
             	at org.junit.platform.launcher.core.DefaultLauncher.lambda$execute$6(DefaultLauncher.java:197)
             	at org.junit.platform.launcher.core.DefaultLauncher.withInterceptedStreams(DefaultLauncher.java:211)
             	at org.junit.platform.launcher.core.DefaultLauncher.execute(DefaultLauncher.java:191)
             	at org.junit.platform.launcher.core.DefaultLauncher.execute(DefaultLauncher.java:128)
             	at org.junit.platform.console.tasks.ConsoleTestExecutor.executeTests(ConsoleTestExecutor.java:66)
             	at org.junit.platform.console.tasks.ConsoleTestExecutor.lambda$execute$0(ConsoleTestExecutor.java:58)
             	at org.junit.platform.console.tasks.CustomContextClassLoaderExecutor.replaceThreadContextClassLoaderAndInvoke(CustomContextClassLoaderExecutor.java:41)
             	at org.junit.platform.console.tasks.CustomContextClassLoaderExecutor.invoke(CustomContextClassLoaderExecutor.java:31)
             	at org.junit.platform.console.tasks.ConsoleTestExecutor.execute(ConsoleTestExecutor.java:58)
             	at org.junit.platform.console.ConsoleLauncher.executeTests(ConsoleLauncher.java:106)
             	at org.junit.platform.console.ConsoleLauncher.execute(ConsoleLauncher.java:90)
             	at org.junit.platform.console.ConsoleLauncher.execute(ConsoleLauncher.java:49)
             	at org.junit.platform.console.ConsoleLauncher.main(ConsoleLauncher.java:41)
Started:     testFinalScore() ([engine:junit-jupiter]/[class:GradeBookPrivateTest]/[method:testFinalScore()])
Finished:    testFinalScore() ([engine:junit-jupiter]/[class:GradeBookPrivateTest]/[method:testFinalScore()])
Finished:    GradeBookPrivateTest ([engine:junit-jupiter]/[class:GradeBookPrivateTest])
Finished:    JUnit Jupiter ([engine:junit-jupiter])
Started:     JUnit Vintage ([engine:junit-vintage])
Finished:    JUnit Vintage ([engine:junit-vintage])
Test execution finished.

Test run finished after 140 ms
[         4 containers found      ]
[         0 containers skipped    ]
[         4 containers started    ]
[         0 containers aborted    ]
[         4 containers successful ]
[         0 containers failed     ]
[        12 tests found           ]
[         0 tests skipped         ]
[        12 tests started         ]
[         0 tests aborted         ]
[        10 tests successful      ]
[         2 tests failed          ]

