StudentNumber1
Test execution started. Number of static tests: 12
Started:     testSum() ([engine:junit-jupiter]/[class:GradeBookTest]/[method:testSum()])
Finished:    testSum() ([engine:junit-jupiter]/[class:GradeBookTest]/[method:testSum()])
             => Exception: org.opentest4j.AssertionFailedError: expected: <250.0> but was: <1000.0>
Started:     testMinimum() ([engine:junit-jupiter]/[class:GradeBookTest]/[method:testMinimum()])
Finished:    testMinimum() ([engine:junit-jupiter]/[class:GradeBookTest]/[method:testMinimum()])
             => Exception: org.opentest4j.AssertionFailedError: expected: <75.0> but was: <100.0>
Started:     testSum() ([engine:junit-jupiter]/[class:GradeBookPrivateTest]/[method:testSum()])
Finished:    testSum() ([engine:junit-jupiter]/[class:GradeBookPrivateTest]/[method:testSum()])
             => Exception: org.opentest4j.AssertionFailedError: expected: <250.0> but was: <1000.0>
Started:     testMinimum() ([engine:junit-jupiter]/[class:GradeBookPrivateTest]/[method:testMinimum()])
Finished:    testMinimum() ([engine:junit-jupiter]/[class:GradeBookPrivateTest]/[method:testMinimum()])
             => Exception: org.opentest4j.AssertionFailedError: expected: <75.0> but was: <100.0>
Test execution finished.

Test run finished after 222 ms
[         4 containers found      ]
[         0 containers skipped    ]
[         4 containers started    ]
[         0 containers aborted    ]
[         4 containers successful ]
[         0 containers failed     ]
[        12 tests found           ]
[         0 tests skipped         ]
[        12 tests started         ]
[         0 tests aborted         ]
[         8 tests successful      ]
[         4 tests failed          ]

StudentNumber2
Test execution started. Number of static tests: 12
Started:     testSum() ([engine:junit-jupiter]/[class:GradeBookPrivateTest]/[method:testSum()])
Finished:    testSum() ([engine:junit-jupiter]/[class:GradeBookPrivateTest]/[method:testSum()])
             => Exception: org.opentest4j.AssertionFailedError: expected: <250.0> but was: <1000.0>
Started:     testMinimum() ([engine:junit-jupiter]/[class:GradeBookPrivateTest]/[method:testMinimum()])
Finished:    testMinimum() ([engine:junit-jupiter]/[class:GradeBookPrivateTest]/[method:testMinimum()])
             => Exception: org.opentest4j.AssertionFailedError: expected: <75.0> but was: <100.0>
Started:     testMinimum ([engine:junit-vintage]/[runner:GradeBookTest]/[test:testMinimum(GradeBookTest)])
Finished:    testMinimum ([engine:junit-vintage]/[runner:GradeBookTest]/[test:testMinimum(GradeBookTest)])
             => Exception: java.lang.AssertionError: expected:<75.0> but was:<100.0>
Started:     testFinalScore ([engine:junit-vintage]/[runner:GradeBookTest]/[test:testFinalScore(GradeBookTest)])
Finished:    testFinalScore ([engine:junit-vintage]/[runner:GradeBookTest]/[test:testFinalScore(GradeBookTest)])
             => Exception: java.lang.AssertionError: expected:<175.0> but was:<200.0>
Test execution finished.

Test run finished after 165 ms
[         4 containers found      ]
[         0 containers skipped    ]
[         4 containers started    ]
[         0 containers aborted    ]
[         4 containers successful ]
[         0 containers failed     ]
[        12 tests found           ]
[         0 tests skipped         ]
[        12 tests started         ]
[         0 tests aborted         ]
[         8 tests successful      ]
[         4 tests failed          ]

StudentNumber3
Test execution started. Number of static tests: 12
Started:     testSum() ([engine:junit-jupiter]/[class:GradeBookPrivateTest]/[method:testSum()])
Finished:    testSum() ([engine:junit-jupiter]/[class:GradeBookPrivateTest]/[method:testSum()])
             => Exception: org.opentest4j.AssertionFailedError: expected: <250.0> but was: <1000.0>
Started:     testMinimum() ([engine:junit-jupiter]/[class:GradeBookPrivateTest]/[method:testMinimum()])
Finished:    testMinimum() ([engine:junit-jupiter]/[class:GradeBookPrivateTest]/[method:testMinimum()])
             => Exception: org.opentest4j.AssertionFailedError: expected: <75.0> but was: <100.0>
Test execution finished.

Test run finished after 143 ms
[         4 containers found      ]
[         0 containers skipped    ]
[         4 containers started    ]
[         0 containers aborted    ]
[         4 containers successful ]
[         0 containers failed     ]
[        12 tests found           ]
[         0 tests skipped         ]
[        12 tests started         ]
[         0 tests aborted         ]
[        10 tests successful      ]
[         2 tests failed          ]

StudentNumber4
Test execution started. Number of static tests: 12
Started:     testSum() ([engine:junit-jupiter]/[class:GradeBookPrivateTest]/[method:testSum()])
Finished:    testSum() ([engine:junit-jupiter]/[class:GradeBookPrivateTest]/[method:testSum()])
             => Exception: org.opentest4j.AssertionFailedError: expected: <250.0> but was: <1000.0>
Started:     testMinimum() ([engine:junit-jupiter]/[class:GradeBookPrivateTest]/[method:testMinimum()])
Finished:    testMinimum() ([engine:junit-jupiter]/[class:GradeBookPrivateTest]/[method:testMinimum()])
             => Exception: org.opentest4j.AssertionFailedError: expected: <75.0> but was: <100.0>
Test execution finished.

Test run finished after 147 ms
[         4 containers found      ]
[         0 containers skipped    ]
[         4 containers started    ]
[         0 containers aborted    ]
[         4 containers successful ]
[         0 containers failed     ]
[        12 tests found           ]
[         0 tests skipped         ]
[        12 tests started         ]
[         0 tests aborted         ]
[        10 tests successful      ]
[         2 tests failed          ]

StudentNumber5
Test execution started. Number of static tests: 12
Started:     testSum() ([engine:junit-jupiter]/[class:GradeBookPrivateTest]/[method:testSum()])
Finished:    testSum() ([engine:junit-jupiter]/[class:GradeBookPrivateTest]/[method:testSum()])
             => Exception: org.opentest4j.AssertionFailedError: expected: <250.0> but was: <1000.0>
Started:     testMinimum() ([engine:junit-jupiter]/[class:GradeBookPrivateTest]/[method:testMinimum()])
Finished:    testMinimum() ([engine:junit-jupiter]/[class:GradeBookPrivateTest]/[method:testMinimum()])
             => Exception: org.opentest4j.AssertionFailedError: expected: <75.0> but was: <100.0>
Test execution finished.

Test run finished after 140 ms
[         4 containers found      ]
[         0 containers skipped    ]
[         4 containers started    ]
[         0 containers aborted    ]
[         4 containers successful ]
[         0 containers failed     ]
[        12 tests found           ]
[         0 tests skipped         ]
[        12 tests started         ]
[         0 tests aborted         ]
[        10 tests successful      ]
[         2 tests failed          ]

